[0.073s] DEBUG:colcon:Command line arguments: ['/usr/bin/colcon', 'build']
[0.074s] DEBUG:colcon:Parsed command line arguments: Namespace(log_base=None, log_level=None, verb_name='build', build_base='build', install_base='install', merge_install=False, symlink_install=False, test_result_base=None, continue_on_error=False, executor='parallel', parallel_workers=12, event_handlers=None, ignore_user_meta=False, metas=['./colcon.meta'], base_paths=['.'], packages_ignore=None, packages_ignore_regex=None, paths=None, packages_up_to=None, packages_up_to_regex=None, packages_above=None, packages_above_and_dependencies=None, packages_above_depth=None, packages_select_by_dep=None, packages_skip_by_dep=None, packages_skip_up_to=None, packages_select_build_failed=False, packages_skip_build_finished=False, packages_select_test_failures=False, packages_skip_test_passed=False, packages_select=None, packages_skip=None, packages_select_regex=None, packages_skip_regex=None, packages_start=None, packages_end=None, cmake_args=None, cmake_target=None, cmake_target_skip_unavailable=False, cmake_clean_cache=False, cmake_clean_first=False, cmake_force_configure=False, ament_cmake_args=None, catkin_cmake_args=None, catkin_skip_building_tests=False, mixin_files=None, mixin=None, verb_parser=<colcon_mixin.mixin.mixin_argument.MixinArgumentDecorator object at 0x752038477df0>, verb_extension=<colcon_core.verb.build.BuildVerb object at 0x752038477760>, main=<bound method BuildVerb.main of <colcon_core.verb.build.BuildVerb object at 0x752038477760>>, mixin_verb=('build',))
[0.160s] Level 1:colcon.colcon_core.package_discovery:discover_packages(colcon_meta) check parameters
[0.160s] Level 1:colcon.colcon_core.package_discovery:discover_packages(recursive) check parameters
[0.161s] Level 1:colcon.colcon_core.package_discovery:discover_packages(ignore) check parameters
[0.161s] Level 1:colcon.colcon_core.package_discovery:discover_packages(path) check parameters
[0.161s] Level 1:colcon.colcon_core.package_discovery:discover_packages(colcon_meta) discover
[0.161s] Level 1:colcon.colcon_core.package_discovery:discover_packages(recursive) discover
[0.161s] INFO:colcon.colcon_core.package_discovery:Crawling recursively for packages in '/ros2_ws'
[0.161s] Level 1:colcon.colcon_core.package_identification:_identify(.) by extensions ['ignore', 'ignore_ament_install']
[0.161s] Level 1:colcon.colcon_core.package_identification:_identify(.) by extension 'ignore'
[0.161s] Level 1:colcon.colcon_core.package_identification:_identify(.) by extension 'ignore_ament_install'
[0.161s] Level 1:colcon.colcon_core.package_identification:_identify(.) by extensions ['colcon_pkg']
[0.161s] Level 1:colcon.colcon_core.package_identification:_identify(.) by extension 'colcon_pkg'
[0.161s] Level 1:colcon.colcon_core.package_identification:_identify(.) by extensions ['colcon_meta']
[0.161s] Level 1:colcon.colcon_core.package_identification:_identify(.) by extension 'colcon_meta'
[0.161s] Level 1:colcon.colcon_core.package_identification:_identify(.) by extensions ['ros']
[0.161s] Level 1:colcon.colcon_core.package_identification:_identify(.) by extension 'ros'
[0.168s] Level 1:colcon.colcon_core.package_identification:_identify(.) by extensions ['cmake', 'python']
[0.168s] Level 1:colcon.colcon_core.package_identification:_identify(.) by extension 'cmake'
[0.168s] Level 1:colcon.colcon_core.package_identification:_identify(.) by extension 'python'
[0.168s] Level 1:colcon.colcon_core.package_identification:_identify(.) by extensions ['python_setup_py']
[0.168s] Level 1:colcon.colcon_core.package_identification:_identify(.) by extension 'python_setup_py'
[0.168s] Level 1:colcon.colcon_core.package_identification:_identify(UR6_custom_planner_force_controller_ros2) by extensions ['ignore', 'ignore_ament_install']
[0.168s] Level 1:colcon.colcon_core.package_identification:_identify(UR6_custom_planner_force_controller_ros2) by extension 'ignore'
[0.168s] Level 1:colcon.colcon_core.package_identification:_identify(UR6_custom_planner_force_controller_ros2) by extension 'ignore_ament_install'
[0.168s] Level 1:colcon.colcon_core.package_identification:_identify(UR6_custom_planner_force_controller_ros2) by extensions ['colcon_pkg']
[0.168s] Level 1:colcon.colcon_core.package_identification:_identify(UR6_custom_planner_force_controller_ros2) by extension 'colcon_pkg'
[0.168s] Level 1:colcon.colcon_core.package_identification:_identify(UR6_custom_planner_force_controller_ros2) by extensions ['colcon_meta']
[0.168s] Level 1:colcon.colcon_core.package_identification:_identify(UR6_custom_planner_force_controller_ros2) by extension 'colcon_meta'
[0.168s] Level 1:colcon.colcon_core.package_identification:_identify(UR6_custom_planner_force_controller_ros2) by extensions ['ros']
[0.168s] Level 1:colcon.colcon_core.package_identification:_identify(UR6_custom_planner_force_controller_ros2) by extension 'ros'
[0.169s] Level 1:colcon.colcon_core.package_identification:_identify(UR6_custom_planner_force_controller_ros2) by extensions ['cmake', 'python']
[0.169s] Level 1:colcon.colcon_core.package_identification:_identify(UR6_custom_planner_force_controller_ros2) by extension 'cmake'
[0.169s] Level 1:colcon.colcon_core.package_identification:_identify(UR6_custom_planner_force_controller_ros2) by extension 'python'
[0.169s] Level 1:colcon.colcon_core.package_identification:_identify(UR6_custom_planner_force_controller_ros2) by extensions ['python_setup_py']
[0.169s] Level 1:colcon.colcon_core.package_identification:_identify(UR6_custom_planner_force_controller_ros2) by extension 'python_setup_py'
[0.169s] Level 1:colcon.colcon_core.package_identification:_identify(UR6_custom_planner_force_controller_ros2/src) by extensions ['ignore', 'ignore_ament_install']
[0.169s] Level 1:colcon.colcon_core.package_identification:_identify(UR6_custom_planner_force_controller_ros2/src) by extension 'ignore'
[0.169s] Level 1:colcon.colcon_core.package_identification:_identify(UR6_custom_planner_force_controller_ros2/src) by extension 'ignore_ament_install'
[0.169s] Level 1:colcon.colcon_core.package_identification:_identify(UR6_custom_planner_force_controller_ros2/src) by extensions ['colcon_pkg']
[0.169s] Level 1:colcon.colcon_core.package_identification:_identify(UR6_custom_planner_force_controller_ros2/src) by extension 'colcon_pkg'
[0.169s] Level 1:colcon.colcon_core.package_identification:_identify(UR6_custom_planner_force_controller_ros2/src) by extensions ['colcon_meta']
[0.169s] Level 1:colcon.colcon_core.package_identification:_identify(UR6_custom_planner_force_controller_ros2/src) by extension 'colcon_meta'
[0.169s] Level 1:colcon.colcon_core.package_identification:_identify(UR6_custom_planner_force_controller_ros2/src) by extensions ['ros']
[0.169s] Level 1:colcon.colcon_core.package_identification:_identify(UR6_custom_planner_force_controller_ros2/src) by extension 'ros'
[0.169s] Level 1:colcon.colcon_core.package_identification:_identify(UR6_custom_planner_force_controller_ros2/src) by extensions ['cmake', 'python']
[0.169s] Level 1:colcon.colcon_core.package_identification:_identify(UR6_custom_planner_force_controller_ros2/src) by extension 'cmake'
[0.169s] Level 1:colcon.colcon_core.package_identification:_identify(UR6_custom_planner_force_controller_ros2/src) by extension 'python'
[0.169s] Level 1:colcon.colcon_core.package_identification:_identify(UR6_custom_planner_force_controller_ros2/src) by extensions ['python_setup_py']
[0.169s] Level 1:colcon.colcon_core.package_identification:_identify(UR6_custom_planner_force_controller_ros2/src) by extension 'python_setup_py'
[0.169s] Level 1:colcon.colcon_core.package_identification:_identify(UR6_custom_planner_force_controller_ros2/src/my_ur5_control) by extensions ['ignore', 'ignore_ament_install']
[0.169s] Level 1:colcon.colcon_core.package_identification:_identify(UR6_custom_planner_force_controller_ros2/src/my_ur5_control) by extension 'ignore'
[0.169s] Level 1:colcon.colcon_core.package_identification:_identify(UR6_custom_planner_force_controller_ros2/src/my_ur5_control) by extension 'ignore_ament_install'
[0.169s] Level 1:colcon.colcon_core.package_identification:_identify(UR6_custom_planner_force_controller_ros2/src/my_ur5_control) by extensions ['colcon_pkg']
[0.169s] Level 1:colcon.colcon_core.package_identification:_identify(UR6_custom_planner_force_controller_ros2/src/my_ur5_control) by extension 'colcon_pkg'
[0.169s] Level 1:colcon.colcon_core.package_identification:_identify(UR6_custom_planner_force_controller_ros2/src/my_ur5_control) by extensions ['colcon_meta']
[0.169s] Level 1:colcon.colcon_core.package_identification:_identify(UR6_custom_planner_force_controller_ros2/src/my_ur5_control) by extension 'colcon_meta'
[0.169s] Level 1:colcon.colcon_core.package_identification:_identify(UR6_custom_planner_force_controller_ros2/src/my_ur5_control) by extensions ['ros']
[0.169s] Level 1:colcon.colcon_core.package_identification:_identify(UR6_custom_planner_force_controller_ros2/src/my_ur5_control) by extension 'ros'
[0.171s] DEBUG:colcon.colcon_core.package_identification:Failed to parse potential ROS package manifest in'UR6_custom_planner_force_controller_ros2/src/my_ur5_control': Error(s) in package 'UR6_custom_planner_force_controller_ros2/src/my_ur5_control/package.xml':
Error(s):
- The manifest of package "my_ur5_control" (with format version 3) must not contain the following tags: build_type
[0.171s] Level 1:colcon.colcon_core.package_identification:_identify(UR6_custom_planner_force_controller_ros2/src/my_ur5_control) by extensions ['cmake', 'python']
[0.171s] Level 1:colcon.colcon_core.package_identification:_identify(UR6_custom_planner_force_controller_ros2/src/my_ur5_control) by extension 'cmake'
[0.172s] Level 1:colcon.colcon_core.package_identification:_identify(UR6_custom_planner_force_controller_ros2/src/my_ur5_control) by extension 'python'
[0.172s] DEBUG:colcon.colcon_core.package_identification:Package 'UR6_custom_planner_force_controller_ros2/src/my_ur5_control' with type 'cmake' and name 'my_ur5_control'
[0.172s] Level 1:colcon.colcon_core.package_identification:_identify(UR6_custom_planner_force_controller_ros2/src/my_ur5_description) by extensions ['ignore', 'ignore_ament_install']
[0.172s] Level 1:colcon.colcon_core.package_identification:_identify(UR6_custom_planner_force_controller_ros2/src/my_ur5_description) by extension 'ignore'
[0.172s] Level 1:colcon.colcon_core.package_identification:_identify(UR6_custom_planner_force_controller_ros2/src/my_ur5_description) by extension 'ignore_ament_install'
[0.172s] Level 1:colcon.colcon_core.package_identification:_identify(UR6_custom_planner_force_controller_ros2/src/my_ur5_description) by extensions ['colcon_pkg']
[0.172s] Level 1:colcon.colcon_core.package_identification:_identify(UR6_custom_planner_force_controller_ros2/src/my_ur5_description) by extension 'colcon_pkg'
[0.172s] Level 1:colcon.colcon_core.package_identification:_identify(UR6_custom_planner_force_controller_ros2/src/my_ur5_description) by extensions ['colcon_meta']
[0.172s] Level 1:colcon.colcon_core.package_identification:_identify(UR6_custom_planner_force_controller_ros2/src/my_ur5_description) by extension 'colcon_meta'
[0.172s] Level 1:colcon.colcon_core.package_identification:_identify(UR6_custom_planner_force_controller_ros2/src/my_ur5_description) by extensions ['ros']
[0.172s] Level 1:colcon.colcon_core.package_identification:_identify(UR6_custom_planner_force_controller_ros2/src/my_ur5_description) by extension 'ros'
[0.173s] DEBUG:colcon.colcon_core.package_identification:Package 'UR6_custom_planner_force_controller_ros2/src/my_ur5_description' with type 'ros.ament_cmake' and name 'ur_description'
[0.173s] Level 1:colcon.colcon_core.package_identification:_identify(UR6_custom_planner_force_controller_ros2/src/my_ur5_gazebo_sim) by extensions ['ignore', 'ignore_ament_install']
[0.173s] Level 1:colcon.colcon_core.package_identification:_identify(UR6_custom_planner_force_controller_ros2/src/my_ur5_gazebo_sim) by extension 'ignore'
[0.173s] Level 1:colcon.colcon_core.package_identification:_identify(UR6_custom_planner_force_controller_ros2/src/my_ur5_gazebo_sim) by extension 'ignore_ament_install'
[0.173s] Level 1:colcon.colcon_core.package_identification:_identify(UR6_custom_planner_force_controller_ros2/src/my_ur5_gazebo_sim) by extensions ['colcon_pkg']
[0.173s] Level 1:colcon.colcon_core.package_identification:_identify(UR6_custom_planner_force_controller_ros2/src/my_ur5_gazebo_sim) by extension 'colcon_pkg'
[0.173s] Level 1:colcon.colcon_core.package_identification:_identify(UR6_custom_planner_force_controller_ros2/src/my_ur5_gazebo_sim) by extensions ['colcon_meta']
[0.173s] Level 1:colcon.colcon_core.package_identification:_identify(UR6_custom_planner_force_controller_ros2/src/my_ur5_gazebo_sim) by extension 'colcon_meta'
[0.173s] Level 1:colcon.colcon_core.package_identification:_identify(UR6_custom_planner_force_controller_ros2/src/my_ur5_gazebo_sim) by extensions ['ros']
[0.173s] Level 1:colcon.colcon_core.package_identification:_identify(UR6_custom_planner_force_controller_ros2/src/my_ur5_gazebo_sim) by extension 'ros'
[0.173s] Level 1:colcon.colcon_core.package_identification:_identify(UR6_custom_planner_force_controller_ros2/src/my_ur5_gazebo_sim) by extensions ['cmake', 'python']
[0.173s] Level 1:colcon.colcon_core.package_identification:_identify(UR6_custom_planner_force_controller_ros2/src/my_ur5_gazebo_sim) by extension 'cmake'
[0.173s] Level 1:colcon.colcon_core.package_identification:_identify(UR6_custom_planner_force_controller_ros2/src/my_ur5_gazebo_sim) by extension 'python'
[0.173s] Level 1:colcon.colcon_core.package_identification:_identify(UR6_custom_planner_force_controller_ros2/src/my_ur5_gazebo_sim) by extensions ['python_setup_py']
[0.173s] Level 1:colcon.colcon_core.package_identification:_identify(UR6_custom_planner_force_controller_ros2/src/my_ur5_gazebo_sim) by extension 'python_setup_py'
[0.173s] Level 1:colcon.colcon_core.package_identification:_identify(UR6_custom_planner_force_controller_ros2/src/my_ur5_gazebo_sim/ur_simulation_gazebo) by extensions ['ignore', 'ignore_ament_install']
[0.173s] Level 1:colcon.colcon_core.package_identification:_identify(UR6_custom_planner_force_controller_ros2/src/my_ur5_gazebo_sim/ur_simulation_gazebo) by extension 'ignore'
[0.174s] Level 1:colcon.colcon_core.package_identification:_identify(UR6_custom_planner_force_controller_ros2/src/my_ur5_gazebo_sim/ur_simulation_gazebo) by extension 'ignore_ament_install'
[0.174s] Level 1:colcon.colcon_core.package_identification:_identify(UR6_custom_planner_force_controller_ros2/src/my_ur5_gazebo_sim/ur_simulation_gazebo) by extensions ['colcon_pkg']
[0.174s] Level 1:colcon.colcon_core.package_identification:_identify(UR6_custom_planner_force_controller_ros2/src/my_ur5_gazebo_sim/ur_simulation_gazebo) by extension 'colcon_pkg'
[0.174s] Level 1:colcon.colcon_core.package_identification:_identify(UR6_custom_planner_force_controller_ros2/src/my_ur5_gazebo_sim/ur_simulation_gazebo) by extensions ['colcon_meta']
[0.174s] Level 1:colcon.colcon_core.package_identification:_identify(UR6_custom_planner_force_controller_ros2/src/my_ur5_gazebo_sim/ur_simulation_gazebo) by extension 'colcon_meta'
[0.174s] Level 1:colcon.colcon_core.package_identification:_identify(UR6_custom_planner_force_controller_ros2/src/my_ur5_gazebo_sim/ur_simulation_gazebo) by extensions ['ros']
[0.174s] Level 1:colcon.colcon_core.package_identification:_identify(UR6_custom_planner_force_controller_ros2/src/my_ur5_gazebo_sim/ur_simulation_gazebo) by extension 'ros'
[0.174s] DEBUG:colcon.colcon_core.package_identification:Package 'UR6_custom_planner_force_controller_ros2/src/my_ur5_gazebo_sim/ur_simulation_gazebo' with type 'ros.ament_cmake' and name 'ur_simulation_gazebo'
[0.174s] Level 1:colcon.colcon_core.package_identification:_identify(build) by extensions ['ignore', 'ignore_ament_install']
[0.174s] Level 1:colcon.colcon_core.package_identification:_identify(build) by extension 'ignore'
[0.174s] Level 1:colcon.colcon_core.package_identification:_identify(build) ignored
[0.174s] Level 1:colcon.colcon_core.package_identification:_identify(install) by extensions ['ignore', 'ignore_ament_install']
[0.174s] Level 1:colcon.colcon_core.package_identification:_identify(install) by extension 'ignore'
[0.174s] Level 1:colcon.colcon_core.package_identification:_identify(install) ignored
[0.174s] Level 1:colcon.colcon_core.package_identification:_identify(log) by extensions ['ignore', 'ignore_ament_install']
[0.174s] Level 1:colcon.colcon_core.package_identification:_identify(log) by extension 'ignore'
[0.174s] Level 1:colcon.colcon_core.package_identification:_identify(log) ignored
[0.174s] Level 1:colcon.colcon_core.package_discovery:discover_packages(recursive) using defaults
[0.174s] Level 1:colcon.colcon_core.package_discovery:discover_packages(ignore) discover
[0.174s] Level 1:colcon.colcon_core.package_discovery:discover_packages(ignore) using defaults
[0.174s] Level 1:colcon.colcon_core.package_discovery:discover_packages(path) discover
[0.174s] Level 1:colcon.colcon_core.package_discovery:discover_packages(path) using defaults
[0.188s] Level 5:colcon.colcon_core.verb:set package 'my_ur5_control' build argument 'cmake_args' from command line to 'None'
[0.188s] Level 5:colcon.colcon_core.verb:set package 'my_ur5_control' build argument 'cmake_target' from command line to 'None'
[0.188s] Level 5:colcon.colcon_core.verb:set package 'my_ur5_control' build argument 'cmake_target_skip_unavailable' from command line to 'False'
[0.188s] Level 5:colcon.colcon_core.verb:set package 'my_ur5_control' build argument 'cmake_clean_cache' from command line to 'False'
[0.188s] Level 5:colcon.colcon_core.verb:set package 'my_ur5_control' build argument 'cmake_clean_first' from command line to 'False'
[0.188s] Level 5:colcon.colcon_core.verb:set package 'my_ur5_control' build argument 'cmake_force_configure' from command line to 'False'
[0.188s] Level 5:colcon.colcon_core.verb:set package 'my_ur5_control' build argument 'ament_cmake_args' from command line to 'None'
[0.188s] Level 5:colcon.colcon_core.verb:set package 'my_ur5_control' build argument 'catkin_cmake_args' from command line to 'None'
[0.188s] Level 5:colcon.colcon_core.verb:set package 'my_ur5_control' build argument 'catkin_skip_building_tests' from command line to 'False'
[0.188s] DEBUG:colcon.colcon_core.verb:Building package 'my_ur5_control' with the following arguments: {'ament_cmake_args': None, 'build_base': '/ros2_ws/build/my_ur5_control', 'catkin_cmake_args': None, 'catkin_skip_building_tests': False, 'cmake_args': None, 'cmake_clean_cache': False, 'cmake_clean_first': False, 'cmake_force_configure': False, 'cmake_target': None, 'cmake_target_skip_unavailable': False, 'install_base': '/ros2_ws/install/my_ur5_control', 'merge_install': False, 'path': '/ros2_ws/UR6_custom_planner_force_controller_ros2/src/my_ur5_control', 'symlink_install': False, 'test_result_base': None}
[0.188s] Level 5:colcon.colcon_core.verb:set package 'ur_description' build argument 'cmake_args' from command line to 'None'
[0.188s] Level 5:colcon.colcon_core.verb:set package 'ur_description' build argument 'cmake_target' from command line to 'None'
[0.188s] Level 5:colcon.colcon_core.verb:set package 'ur_description' build argument 'cmake_target_skip_unavailable' from command line to 'False'
[0.188s] Level 5:colcon.colcon_core.verb:set package 'ur_description' build argument 'cmake_clean_cache' from command line to 'False'
[0.188s] Level 5:colcon.colcon_core.verb:set package 'ur_description' build argument 'cmake_clean_first' from command line to 'False'
[0.188s] Level 5:colcon.colcon_core.verb:set package 'ur_description' build argument 'cmake_force_configure' from command line to 'False'
[0.188s] Level 5:colcon.colcon_core.verb:set package 'ur_description' build argument 'ament_cmake_args' from command line to 'None'
[0.188s] Level 5:colcon.colcon_core.verb:set package 'ur_description' build argument 'catkin_cmake_args' from command line to 'None'
[0.188s] Level 5:colcon.colcon_core.verb:set package 'ur_description' build argument 'catkin_skip_building_tests' from command line to 'False'
[0.188s] DEBUG:colcon.colcon_core.verb:Building package 'ur_description' with the following arguments: {'ament_cmake_args': None, 'build_base': '/ros2_ws/build/ur_description', 'catkin_cmake_args': None, 'catkin_skip_building_tests': False, 'cmake_args': None, 'cmake_clean_cache': False, 'cmake_clean_first': False, 'cmake_force_configure': False, 'cmake_target': None, 'cmake_target_skip_unavailable': False, 'install_base': '/ros2_ws/install/ur_description', 'merge_install': False, 'path': '/ros2_ws/UR6_custom_planner_force_controller_ros2/src/my_ur5_description', 'symlink_install': False, 'test_result_base': None}
[0.188s] Level 5:colcon.colcon_core.verb:set package 'ur_simulation_gazebo' build argument 'cmake_args' from command line to 'None'
[0.188s] Level 5:colcon.colcon_core.verb:set package 'ur_simulation_gazebo' build argument 'cmake_target' from command line to 'None'
[0.188s] Level 5:colcon.colcon_core.verb:set package 'ur_simulation_gazebo' build argument 'cmake_target_skip_unavailable' from command line to 'False'
[0.188s] Level 5:colcon.colcon_core.verb:set package 'ur_simulation_gazebo' build argument 'cmake_clean_cache' from command line to 'False'
[0.188s] Level 5:colcon.colcon_core.verb:set package 'ur_simulation_gazebo' build argument 'cmake_clean_first' from command line to 'False'
[0.188s] Level 5:colcon.colcon_core.verb:set package 'ur_simulation_gazebo' build argument 'cmake_force_configure' from command line to 'False'
[0.188s] Level 5:colcon.colcon_core.verb:set package 'ur_simulation_gazebo' build argument 'ament_cmake_args' from command line to 'None'
[0.188s] Level 5:colcon.colcon_core.verb:set package 'ur_simulation_gazebo' build argument 'catkin_cmake_args' from command line to 'None'
[0.188s] Level 5:colcon.colcon_core.verb:set package 'ur_simulation_gazebo' build argument 'catkin_skip_building_tests' from command line to 'False'
[0.188s] DEBUG:colcon.colcon_core.verb:Building package 'ur_simulation_gazebo' with the following arguments: {'ament_cmake_args': None, 'build_base': '/ros2_ws/build/ur_simulation_gazebo', 'catkin_cmake_args': None, 'catkin_skip_building_tests': False, 'cmake_args': None, 'cmake_clean_cache': False, 'cmake_clean_first': False, 'cmake_force_configure': False, 'cmake_target': None, 'cmake_target_skip_unavailable': False, 'install_base': '/ros2_ws/install/ur_simulation_gazebo', 'merge_install': False, 'path': '/ros2_ws/UR6_custom_planner_force_controller_ros2/src/my_ur5_gazebo_sim/ur_simulation_gazebo', 'symlink_install': False, 'test_result_base': None}
[0.188s] INFO:colcon.colcon_core.executor:Executing jobs using 'parallel' executor
[0.189s] DEBUG:colcon.colcon_parallel_executor.executor.parallel:run_until_complete
[0.190s] INFO:colcon.colcon_ros.task.ament_cmake.build:Building ROS package in '/ros2_ws/UR6_custom_planner_force_controller_ros2/src/my_ur5_description' with build type 'ament_cmake'
[0.190s] INFO:colcon.colcon_cmake.task.cmake.build:Building CMake package in '/ros2_ws/UR6_custom_planner_force_controller_ros2/src/my_ur5_description'
[0.191s] INFO:colcon.colcon_core.plugin_system:Skipping extension 'colcon_core.shell.bat': Not used on non-Windows systems
[0.191s] INFO:colcon.colcon_core.shell:Skip shell extension 'powershell' for command environment: Not usable outside of PowerShell
[0.191s] DEBUG:colcon.colcon_core.shell:Skip shell extension 'dsv' for command environment
[0.192s] WARNING:colcon.colcon_ros.prefix_path.ament:The path '/ros2_ws/install/ur_simulation_gazebo' in the environment variable AMENT_PREFIX_PATH doesn't exist
[0.192s] WARNING:colcon.colcon_ros.prefix_path.ament:The path '/ros2_ws/install/ur_description' in the environment variable AMENT_PREFIX_PATH doesn't exist
[0.192s] WARNING:colcon.colcon_ros.prefix_path.catkin:The path '/ros2_ws/install/ur_simulation_gazebo' in the environment variable CMAKE_PREFIX_PATH doesn't exist
[0.192s] WARNING:colcon.colcon_ros.prefix_path.catkin:The path '/ros2_ws/install/ur_description' in the environment variable CMAKE_PREFIX_PATH doesn't exist
[0.192s] WARNING:colcon.colcon_ros.prefix_path.catkin:The path '/ros2_ws/install/my_ur5_control' in the environment variable CMAKE_PREFIX_PATH doesn't exist
[0.195s] INFO:colcon.colcon_cmake.task.cmake.build:Building CMake package in '/ros2_ws/UR6_custom_planner_force_controller_ros2/src/my_ur5_control'
[0.196s] INFO:colcon.colcon_core.shell:Skip shell extension 'powershell' for command environment: Not usable outside of PowerShell
[0.196s] DEBUG:colcon.colcon_core.shell:Skip shell extension 'dsv' for command environment
[0.211s] DEBUG:colcon.colcon_core.event_handler.log_command:Invoking command in '/ros2_ws/build/ur_description': CMAKE_PREFIX_PATH=${CMAKE_PREFIX_PATH}:/opt/ros/humble /usr/bin/cmake /ros2_ws/UR6_custom_planner_force_controller_ros2/src/my_ur5_description -DCMAKE_INSTALL_PREFIX=/ros2_ws/install/ur_description
[0.217s] DEBUG:colcon.colcon_core.event_handler.log_command:Invoking command in '/ros2_ws/build/my_ur5_control': /usr/bin/cmake /ros2_ws/UR6_custom_planner_force_controller_ros2/src/my_ur5_control -DCMAKE_INSTALL_PREFIX=/ros2_ws/install/my_ur5_control
[1.117s] DEBUG:colcon.colcon_core.event_handler.log_command:Invoked command in '/ros2_ws/build/ur_description' returned '0': CMAKE_PREFIX_PATH=${CMAKE_PREFIX_PATH}:/opt/ros/humble /usr/bin/cmake /ros2_ws/UR6_custom_planner_force_controller_ros2/src/my_ur5_description -DCMAKE_INSTALL_PREFIX=/ros2_ws/install/ur_description
[1.118s] DEBUG:colcon.colcon_core.event_handler.log_command:Invoking command in '/ros2_ws/build/ur_description': CMAKE_PREFIX_PATH=${CMAKE_PREFIX_PATH}:/opt/ros/humble /usr/bin/cmake --build /ros2_ws/build/ur_description -- -j12 -l12
[1.145s] DEBUG:colcon.colcon_core.event_handler.log_command:Invoked command in '/ros2_ws/build/ur_description' returned '0': CMAKE_PREFIX_PATH=${CMAKE_PREFIX_PATH}:/opt/ros/humble /usr/bin/cmake --build /ros2_ws/build/ur_description -- -j12 -l12
[1.154s] DEBUG:colcon.colcon_core.event_handler.log_command:Invoking command in '/ros2_ws/build/ur_description': CMAKE_PREFIX_PATH=${CMAKE_PREFIX_PATH}:/opt/ros/humble /usr/bin/cmake --install /ros2_ws/build/ur_description
[1.301s] Level 1:colcon.colcon_core.environment:create_environment_scripts_only(ur_description)
[1.302s] DEBUG:colcon.colcon_core.event_handler.log_command:Invoked command in '/ros2_ws/build/ur_description' returned '0': CMAKE_PREFIX_PATH=${CMAKE_PREFIX_PATH}:/opt/ros/humble /usr/bin/cmake --install /ros2_ws/build/ur_description
[1.305s] Level 1:colcon.colcon_core.environment:checking '/ros2_ws/install/ur_description' for CMake module files
[1.305s] Level 1:colcon.colcon_core.environment:checking '/ros2_ws/install/ur_description' for CMake config files
[1.306s] Level 1:colcon.colcon_core.shell:create_environment_hook('ur_description', 'cmake_prefix_path')
[1.306s] INFO:colcon.colcon_core.shell:Creating environment hook '/ros2_ws/install/ur_description/share/ur_description/hook/cmake_prefix_path.ps1'
[1.307s] INFO:colcon.colcon_core.shell:Creating environment descriptor '/ros2_ws/install/ur_description/share/ur_description/hook/cmake_prefix_path.dsv'
[1.308s] INFO:colcon.colcon_core.shell:Creating environment hook '/ros2_ws/install/ur_description/share/ur_description/hook/cmake_prefix_path.sh'
[1.309s] Level 1:colcon.colcon_core.environment:checking '/ros2_ws/install/ur_description/bin'
[1.309s] Level 1:colcon.colcon_core.environment:checking '/ros2_ws/install/ur_description/lib/pkgconfig/ur_description.pc'
[1.311s] Level 1:colcon.colcon_core.environment:checking '/ros2_ws/install/ur_description/lib/python3.10/site-packages'
[1.311s] Level 1:colcon.colcon_core.environment:checking '/ros2_ws/install/ur_description/bin'
[1.311s] INFO:colcon.colcon_core.shell:Creating package script '/ros2_ws/install/ur_description/share/ur_description/package.ps1'
[1.312s] INFO:colcon.colcon_core.shell:Creating package descriptor '/ros2_ws/install/ur_description/share/ur_description/package.dsv'
[1.312s] INFO:colcon.colcon_core.shell:Creating package script '/ros2_ws/install/ur_description/share/ur_description/package.sh'
[1.313s] INFO:colcon.colcon_core.shell:Creating package script '/ros2_ws/install/ur_description/share/ur_description/package.bash'
[1.314s] INFO:colcon.colcon_core.shell:Creating package script '/ros2_ws/install/ur_description/share/ur_description/package.zsh'
[1.323s] Level 1:colcon.colcon_core.environment:create_file_with_runtime_dependencies(/ros2_ws/install/ur_description/share/colcon-core/packages/ur_description)
[1.324s] Level 1:colcon.colcon_core.environment:create_environment_scripts_only(ur_description)
[1.325s] Level 1:colcon.colcon_core.environment:checking '/ros2_ws/install/ur_description' for CMake module files
[1.325s] Level 1:colcon.colcon_core.environment:checking '/ros2_ws/install/ur_description' for CMake config files
[1.325s] Level 1:colcon.colcon_core.shell:create_environment_hook('ur_description', 'cmake_prefix_path')
[1.326s] INFO:colcon.colcon_core.shell:Creating environment hook '/ros2_ws/install/ur_description/share/ur_description/hook/cmake_prefix_path.ps1'
[1.326s] INFO:colcon.colcon_core.shell:Creating environment descriptor '/ros2_ws/install/ur_description/share/ur_description/hook/cmake_prefix_path.dsv'
[1.326s] INFO:colcon.colcon_core.shell:Creating environment hook '/ros2_ws/install/ur_description/share/ur_description/hook/cmake_prefix_path.sh'
[1.327s] Level 1:colcon.colcon_core.environment:checking '/ros2_ws/install/ur_description/bin'
[1.327s] Level 1:colcon.colcon_core.environment:checking '/ros2_ws/install/ur_description/lib/pkgconfig/ur_description.pc'
[1.327s] Level 1:colcon.colcon_core.environment:checking '/ros2_ws/install/ur_description/lib/python3.10/site-packages'
[1.327s] Level 1:colcon.colcon_core.environment:checking '/ros2_ws/install/ur_description/bin'
[1.328s] INFO:colcon.colcon_core.shell:Creating package script '/ros2_ws/install/ur_description/share/ur_description/package.ps1'
[1.328s] INFO:colcon.colcon_core.shell:Creating package descriptor '/ros2_ws/install/ur_description/share/ur_description/package.dsv'
[1.328s] INFO:colcon.colcon_core.shell:Creating package script '/ros2_ws/install/ur_description/share/ur_description/package.sh'
[1.329s] INFO:colcon.colcon_core.shell:Creating package script '/ros2_ws/install/ur_description/share/ur_description/package.bash'
[1.329s] INFO:colcon.colcon_core.shell:Creating package script '/ros2_ws/install/ur_description/share/ur_description/package.zsh'
[1.329s] Level 1:colcon.colcon_core.environment:create_file_with_runtime_dependencies(/ros2_ws/install/ur_description/share/colcon-core/packages/ur_description)
[1.330s] INFO:colcon.colcon_ros.task.ament_cmake.build:Building ROS package in '/ros2_ws/UR6_custom_planner_force_controller_ros2/src/my_ur5_gazebo_sim/ur_simulation_gazebo' with build type 'ament_cmake'
[1.330s] INFO:colcon.colcon_cmake.task.cmake.build:Building CMake package in '/ros2_ws/UR6_custom_planner_force_controller_ros2/src/my_ur5_gazebo_sim/ur_simulation_gazebo'
[1.330s] INFO:colcon.colcon_core.shell:Skip shell extension 'powershell' for command environment: Not usable outside of PowerShell
[1.330s] DEBUG:colcon.colcon_core.shell:Skip shell extension 'dsv' for command environment
[1.340s] DEBUG:colcon.colcon_core.event_handler.log_command:Invoking command in '/ros2_ws/build/ur_simulation_gazebo': CMAKE_PREFIX_PATH=/ros2_ws/install/ur_description:/ros2_ws/install/ur_simulation_gazebo:/ros2_ws/install/my_ur5_control:/opt/ros/humble /usr/bin/cmake /ros2_ws/UR6_custom_planner_force_controller_ros2/src/my_ur5_gazebo_sim/ur_simulation_gazebo -DCMAKE_INSTALL_PREFIX=/ros2_ws/install/ur_simulation_gazebo
[1.750s] DEBUG:colcon.colcon_core.event_handler.log_command:Invoked command in '/ros2_ws/build/my_ur5_control' returned '1': /usr/bin/cmake /ros2_ws/UR6_custom_planner_force_controller_ros2/src/my_ur5_control -DCMAKE_INSTALL_PREFIX=/ros2_ws/install/my_ur5_control
[1.883s] DEBUG:colcon.colcon_parallel_executor.executor.parallel:closing loop
[1.883s] DEBUG:colcon.colcon_parallel_executor.executor.parallel:loop closed
[1.883s] DEBUG:colcon.colcon_parallel_executor.executor.parallel:run_until_complete finished with '1'
[1.883s] DEBUG:colcon.colcon_core.event_reactor:joining thread
[1.887s] INFO:colcon.colcon_core.plugin_system:Skipping extension 'colcon_notification.desktop_notification.notify_send': Could not find 'notify-send'
[1.887s] INFO:colcon.colcon_core.plugin_system:Skipping extension 'colcon_notification.desktop_notification.terminal_notifier': Not used on non-Darwin systems
[1.887s] INFO:colcon.colcon_core.plugin_system:Skipping extension 'colcon_notification.desktop_notification.win32': Not used on non-Windows systems
[1.887s] INFO:colcon.colcon_notification.desktop_notification:Sending desktop notification using 'notify2'
[1.889s] DEBUG:colcon.colcon_notification.desktop_notification.notify2:Failed to initialize notify2: org.freedesktop.DBus.Error.Spawn.ExecFailed: /usr/bin/dbus-launch terminated abnormally without any error message
[1.889s] DEBUG:colcon.colcon_core.event_reactor:joined thread
[1.890s] INFO:colcon.colcon_core.shell:Creating prefix script '/ros2_ws/install/local_setup.ps1'
[1.891s] INFO:colcon.colcon_core.shell:Creating prefix util module '/ros2_ws/install/_local_setup_util_ps1.py'
[1.891s] INFO:colcon.colcon_core.shell:Creating prefix chain script '/ros2_ws/install/setup.ps1'
[1.892s] INFO:colcon.colcon_core.shell:Creating prefix script '/ros2_ws/install/local_setup.sh'
[1.892s] INFO:colcon.colcon_core.shell:Creating prefix util module '/ros2_ws/install/_local_setup_util_sh.py'
[1.893s] INFO:colcon.colcon_core.shell:Creating prefix chain script '/ros2_ws/install/setup.sh'
[1.894s] INFO:colcon.colcon_core.shell:Creating prefix script '/ros2_ws/install/local_setup.bash'
[1.894s] INFO:colcon.colcon_core.shell:Creating prefix chain script '/ros2_ws/install/setup.bash'
[1.895s] INFO:colcon.colcon_core.shell:Creating prefix script '/ros2_ws/install/local_setup.zsh'
[1.895s] INFO:colcon.colcon_core.shell:Creating prefix chain script '/ros2_ws/install/setup.zsh'
