[0.014s] Invoking command in '/ros2_ws/build/ur_simulation_gazebo': CMAKE_PREFIX_PATH=/ros2_ws/install/ur_description:/ros2_ws/install/ur_simulation_gazebo:/ros2_ws/install/my_ur6_control:/opt/ros/humble /usr/bin/cmake --build /ros2_ws/build/ur_simulation_gazebo -- -j12 -l12
[0.039s] Invoked command in '/ros2_ws/build/ur_simulation_gazebo' returned '0': CMAKE_PREFIX_PATH=/ros2_ws/install/ur_description:/ros2_ws/install/ur_simulation_gazebo:/ros2_ws/install/my_ur6_control:/opt/ros/humble /usr/bin/cmake --build /ros2_ws/build/ur_simulation_gazebo -- -j12 -l12
[0.040s] Invoking command in '/ros2_ws/build/ur_simulation_gazebo': CMAKE_PREFIX_PATH=/ros2_ws/install/ur_description:/ros2_ws/install/ur_simulation_gazebo:/ros2_ws/install/my_ur6_control:/opt/ros/humble /usr/bin/cmake --install /ros2_ws/build/ur_simulation_gazebo
[0.045s] -- Install configuration: ""
[0.045s] -- Up-to-date: /ros2_ws/install/ur_simulation_gazebo/share/ur_simulation_gazebo/config
[0.045s] -- Up-to-date: /ros2_ws/install/ur_simulation_gazebo/share/ur_simulation_gazebo/config/ur_controllers.yaml
[0.045s] -- Up-to-date: /ros2_ws/install/ur_simulation_gazebo/share/ur_simulation_gazebo/launch
[0.045s] -- Up-to-date: /ros2_ws/install/ur_simulation_gazebo/share/ur_simulation_gazebo/launch/ur_sim_control.launch.py
[0.046s] -- Up-to-date: /ros2_ws/install/ur_simulation_gazebo/share/ur_simulation_gazebo/launch/ur_sim_moveit.launch.py
[0.046s] -- Up-to-date: /ros2_ws/install/ur_simulation_gazebo/share/ament_index/resource_index/package_run_dependencies/ur_simulation_gazebo
[0.046s] -- Up-to-date: /ros2_ws/install/ur_simulation_gazebo/share/ament_index/resource_index/parent_prefix_path/ur_simulation_gazebo
[0.046s] -- Up-to-date: /ros2_ws/install/ur_simulation_gazebo/share/ur_simulation_gazebo/environment/ament_prefix_path.sh
[0.046s] -- Up-to-date: /ros2_ws/install/ur_simulation_gazebo/share/ur_simulation_gazebo/environment/ament_prefix_path.dsv
[0.046s] -- Up-to-date: /ros2_ws/install/ur_simulation_gazebo/share/ur_simulation_gazebo/environment/path.sh
[0.046s] -- Up-to-date: /ros2_ws/install/ur_simulation_gazebo/share/ur_simulation_gazebo/environment/path.dsv
[0.046s] -- Up-to-date: /ros2_ws/install/ur_simulation_gazebo/share/ur_simulation_gazebo/local_setup.bash
[0.046s] -- Up-to-date: /ros2_ws/install/ur_simulation_gazebo/share/ur_simulation_gazebo/local_setup.sh
[0.046s] -- Up-to-date: /ros2_ws/install/ur_simulation_gazebo/share/ur_simulation_gazebo/local_setup.zsh
[0.046s] -- Up-to-date: /ros2_ws/install/ur_simulation_gazebo/share/ur_simulation_gazebo/local_setup.dsv
[0.046s] -- Up-to-date: /ros2_ws/install/ur_simulation_gazebo/share/ur_simulation_gazebo/package.dsv
[0.047s] -- Up-to-date: /ros2_ws/install/ur_simulation_gazebo/share/ament_index/resource_index/packages/ur_simulation_gazebo
[0.047s] -- Up-to-date: /ros2_ws/install/ur_simulation_gazebo/share/ur_simulation_gazebo/cmake/ur_simulation_gazeboConfig.cmake
[0.047s] -- Up-to-date: /ros2_ws/install/ur_simulation_gazebo/share/ur_simulation_gazebo/cmake/ur_simulation_gazeboConfig-version.cmake
[0.047s] -- Up-to-date: /ros2_ws/install/ur_simulation_gazebo/share/ur_simulation_gazebo/package.xml
[0.048s] Invoked command in '/ros2_ws/build/ur_simulation_gazebo' returned '0': CMAKE_PREFIX_PATH=/ros2_ws/install/ur_description:/ros2_ws/install/ur_simulation_gazebo:/ros2_ws/install/my_ur6_control:/opt/ros/humble /usr/bin/cmake --install /ros2_ws/build/ur_simulation_gazebo
