[35m[1mConsolidate compiler generated dependencies of target custom_planner_node[0m
[ 50%] Built target my_ur6_control_force_controller
[ 75%] [32mBuilding CXX object CMakeFiles/custom_planner_node.dir/src/custom_planner_node.cpp.o[0m
[100%] [32m[1mLinking CXX executable custom_planner_node[0m
[100%] Built target custom_planner_node
-- Install configuration: ""
-- Up-to-date: /ros2_ws/install/my_ur6_control/share/my_ur6_control/force_controller_plugin.xml
-- Installing: /ros2_ws/install/my_ur6_control/lib/my_ur6_control/custom_planner_node
-- Set runtime path of "/ros2_ws/install/my_ur6_control/lib/my_ur6_control/custom_planner_node" to ""
-- Up-to-date: /ros2_ws/install/my_ur6_control/lib/my_ur6_control/libmy_ur6_control_force_controller.so
-- Up-to-date: /ros2_ws/install/my_ur6_control/share/my_ur6_control/launch
-- Up-to-date: /ros2_ws/install/my_ur6_control/share/my_ur6_control/launch/fake_my_ur6.launch.py
-- Up-to-date: /ros2_ws/install/my_ur6_control/share/my_ur6_control/config
-- Up-to-date: /ros2_ws/install/my_ur6_control/share/my_ur6_control/config/planner_params.yaml
-- Up-to-date: /ros2_ws/install/my_ur6_control/share/ament_index/resource_index/package_run_dependencies/my_ur6_control
-- Up-to-date: /ros2_ws/install/my_ur6_control/share/ament_index/resource_index/parent_prefix_path/my_ur6_control
-- Up-to-date: /ros2_ws/install/my_ur6_control/share/my_ur6_control/environment/ament_prefix_path.sh
-- Installing: /ros2_ws/install/my_ur6_control/share/my_ur6_control/environment/ament_prefix_path.dsv
-- Up-to-date: /ros2_ws/install/my_ur6_control/share/my_ur6_control/environment/path.sh
-- Installing: /ros2_ws/install/my_ur6_control/share/my_ur6_control/environment/path.dsv
-- Up-to-date: /ros2_ws/install/my_ur6_control/share/my_ur6_control/local_setup.bash
-- Up-to-date: /ros2_ws/install/my_ur6_control/share/my_ur6_control/local_setup.sh
-- Up-to-date: /ros2_ws/install/my_ur6_control/share/my_ur6_control/local_setup.zsh
-- Installing: /ros2_ws/install/my_ur6_control/share/my_ur6_control/local_setup.dsv
-- Installing: /ros2_ws/install/my_ur6_control/share/my_ur6_control/package.dsv
-- Up-to-date: /ros2_ws/install/my_ur6_control/share/ament_index/resource_index/packages/my_ur6_control
-- Up-to-date: /ros2_ws/install/my_ur6_control/share/ament_index/resource_index/controller_interface__pluginlib__plugin/my_ur6_control
-- Up-to-date: /ros2_ws/install/my_ur6_control/share/my_ur6_control/cmake/my_ur6_controlConfig.cmake
-- Up-to-date: /ros2_ws/install/my_ur6_control/share/my_ur6_control/cmake/my_ur6_controlConfig-version.cmake
-- Up-to-date: /ros2_ws/install/my_ur6_control/share/my_ur6_control/package.xml
