[0.016s] Invoking command in '/ros2_ws/build/my_ur6_control': CMAKE_PREFIX_PATH=/ros2_ws/install/ur_description:/ros2_ws/install/ur_simulation_gazebo:/ros2_ws/install/my_ur6_control:/opt/ros/humble /usr/bin/cmake --build /ros2_ws/build/my_ur6_control -- -j12 -l12
[0.053s] [35m[1mConsolidate compiler generated dependencies of target custom_planner_node[0m
[0.064s] [ 50%] Built target my_ur6_control_force_controller
[0.065s] [ 75%] [32mBuilding CXX object CMakeFiles/custom_planner_node.dir/src/custom_planner_node.cpp.o[0m
[7.619s] [100%] [32m[1mLinking CXX executable custom_planner_node[0m
[8.471s] [100%] Built target custom_planner_node
[8.490s] Invoked command in '/ros2_ws/build/my_ur6_control' returned '0': CMAKE_PREFIX_PATH=/ros2_ws/install/ur_description:/ros2_ws/install/ur_simulation_gazebo:/ros2_ws/install/my_ur6_control:/opt/ros/humble /usr/bin/cmake --build /ros2_ws/build/my_ur6_control -- -j12 -l12
[8.492s] Invoking command in '/ros2_ws/build/my_ur6_control': CMAKE_PREFIX_PATH=/ros2_ws/install/ur_description:/ros2_ws/install/ur_simulation_gazebo:/ros2_ws/install/my_ur6_control:/opt/ros/humble /usr/bin/cmake --install /ros2_ws/build/my_ur6_control
[8.497s] -- Install configuration: ""
[8.497s] -- Up-to-date: /ros2_ws/install/my_ur6_control/share/my_ur6_control/force_controller_plugin.xml
[8.497s] -- Installing: /ros2_ws/install/my_ur6_control/lib/my_ur6_control/custom_planner_node
[8.503s] -- Set runtime path of "/ros2_ws/install/my_ur6_control/lib/my_ur6_control/custom_planner_node" to ""
[8.503s] -- Up-to-date: /ros2_ws/install/my_ur6_control/lib/my_ur6_control/libmy_ur6_control_force_controller.so
[8.504s] -- Up-to-date: /ros2_ws/install/my_ur6_control/share/my_ur6_control/launch
[8.504s] -- Up-to-date: /ros2_ws/install/my_ur6_control/share/my_ur6_control/launch/fake_my_ur6.launch.py
[8.504s] -- Up-to-date: /ros2_ws/install/my_ur6_control/share/my_ur6_control/config
[8.504s] -- Up-to-date: /ros2_ws/install/my_ur6_control/share/my_ur6_control/config/planner_params.yaml
[8.505s] -- Up-to-date: /ros2_ws/install/my_ur6_control/share/ament_index/resource_index/package_run_dependencies/my_ur6_control
[8.505s] -- Up-to-date: /ros2_ws/install/my_ur6_control/share/ament_index/resource_index/parent_prefix_path/my_ur6_control
[8.505s] -- Up-to-date: /ros2_ws/install/my_ur6_control/share/my_ur6_control/environment/ament_prefix_path.sh
[8.505s] -- Installing: /ros2_ws/install/my_ur6_control/share/my_ur6_control/environment/ament_prefix_path.dsv
[8.505s] -- Up-to-date: /ros2_ws/install/my_ur6_control/share/my_ur6_control/environment/path.sh
[8.505s] -- Installing: /ros2_ws/install/my_ur6_control/share/my_ur6_control/environment/path.dsv
[8.505s] -- Up-to-date: /ros2_ws/install/my_ur6_control/share/my_ur6_control/local_setup.bash
[8.505s] -- Up-to-date: /ros2_ws/install/my_ur6_control/share/my_ur6_control/local_setup.sh
[8.505s] -- Up-to-date: /ros2_ws/install/my_ur6_control/share/my_ur6_control/local_setup.zsh
[8.505s] -- Installing: /ros2_ws/install/my_ur6_control/share/my_ur6_control/local_setup.dsv
[8.506s] -- Installing: /ros2_ws/install/my_ur6_control/share/my_ur6_control/package.dsv
[8.506s] -- Up-to-date: /ros2_ws/install/my_ur6_control/share/ament_index/resource_index/packages/my_ur6_control
[8.506s] -- Up-to-date: /ros2_ws/install/my_ur6_control/share/ament_index/resource_index/controller_interface__pluginlib__plugin/my_ur6_control
[8.506s] -- Up-to-date: /ros2_ws/install/my_ur6_control/share/my_ur6_control/cmake/my_ur6_controlConfig.cmake
[8.506s] -- Up-to-date: /ros2_ws/install/my_ur6_control/share/my_ur6_control/cmake/my_ur6_controlConfig-version.cmake
[8.506s] -- Up-to-date: /ros2_ws/install/my_ur6_control/share/my_ur6_control/package.xml
[8.507s] Invoked command in '/ros2_ws/build/my_ur6_control' returned '0': CMAKE_PREFIX_PATH=/ros2_ws/install/ur_description:/ros2_ws/install/ur_simulation_gazebo:/ros2_ws/install/my_ur6_control:/opt/ros/humble /usr/bin/cmake --install /ros2_ws/build/my_ur6_control
