[0.018s] Invoking command in '/ros2_ws/build/my_ur6_control': CMAKE_PREFIX_PATH=/ros2_ws/install/ur_description:/ros2_ws/install/ur_simulation_gazebo:/ros2_ws/install/my_ur6_control:/opt/ros/humble /usr/bin/cmake /ros2_ws/src/my_ur6_control -DCMAKE_INSTALL_PREFIX=/ros2_ws/install/my_ur6_control
[0.053s] -- The C compiler identification is GNU 11.4.0
[0.092s] -- The CXX compiler identification is GNU 11.4.0
[0.096s] -- Detecting C compiler ABI info
[0.146s] -- Detecting C compiler ABI info - done
[0.151s] -- Check for working C compiler: /usr/bin/cc - skipped
[0.151s] -- Detecting C compile features
[0.151s] -- Detecting C compile features - done
[0.154s] -- Detecting CXX compiler ABI info
[0.207s] -- Detecting CXX compiler ABI info - done
[0.212s] -- Check for working CXX compiler: /usr/bin/c++ - skipped
[0.212s] -- Detecting CXX compile features
[0.212s] -- Detecting CXX compile features - done
[0.215s] -- Found ament_cmake: 1.3.12 (/opt/ros/humble/share/ament_cmake/cmake)
[0.315s] -- Found Python3: /usr/bin/python3 (found version "3.10.12") found components: Interpreter 
[0.390s] -- Found rclcpp: 16.0.17 (/opt/ros/humble/share/rclcpp/cmake)
[0.425s] -- Found rosidl_generator_c: 3.1.8 (/opt/ros/humble/share/rosidl_generator_c/cmake)
[0.430s] -- Found rosidl_adapter: 3.1.8 (/opt/ros/humble/share/rosidl_adapter/cmake)
[0.438s] -- Found rosidl_generator_cpp: 3.1.8 (/opt/ros/humble/share/rosidl_generator_cpp/cmake)
[0.448s] -- Using all available rosidl_typesupport_c: rosidl_typesupport_fastrtps_c;rosidl_typesupport_introspection_c
[0.461s] -- Using all available rosidl_typesupport_cpp: rosidl_typesupport_fastrtps_cpp;rosidl_typesupport_introspection_cpp
[0.503s] -- Found rmw_implementation_cmake: 6.1.2 (/opt/ros/humble/share/rmw_implementation_cmake/cmake)
[0.507s] -- Found rmw_fastrtps_cpp: 6.2.9 (/opt/ros/humble/share/rmw_fastrtps_cpp/cmake)
[0.576s] -- Found OpenSSL: /usr/lib/x86_64-linux-gnu/libcrypto.so (found version "3.0.2")  
[0.597s] -- Found FastRTPS: /opt/ros/humble/include  
[0.628s] -- Using RMW implementation 'rmw_fastrtps_cpp' as default
[0.638s] -- Looking for pthread.h
[0.690s] -- Looking for pthread.h - found
[0.690s] -- Performing Test CMAKE_HAVE_LIBC_PTHREAD
[0.738s] -- Performing Test CMAKE_HAVE_LIBC_PTHREAD - Success
[0.739s] -- Found Threads: TRUE  
[0.778s] -- Found geometry_msgs: 4.9.0 (/opt/ros/humble/share/geometry_msgs/cmake)
[0.789s] -- Found trajectory_msgs: 4.9.0 (/opt/ros/humble/share/trajectory_msgs/cmake)
[0.802s] -- Found sensor_msgs: 4.9.0 (/opt/ros/humble/share/sensor_msgs/cmake)
[0.814s] -- Found moveit_msgs: 2.2.1 (/opt/ros/humble/share/moveit_msgs/cmake)
[0.894s] -- Found moveit_core: 2.5.9 (/opt/ros/humble/share/moveit_core/cmake)
[0.925s] -- Found Boost: /usr/lib/x86_64-linux-gnu/cmake/Boost-1.74.0/BoostConfig.cmake (found version "1.74.0") found components: chrono date_time filesystem iostreams program_options regex serialization system thread 
[0.958s] -- Found parameter_traits: 0.6.0 (/opt/ros/humble/share/parameter_traits/cmake)
[0.968s] -- Found rclcpp_lifecycle: 16.0.17 (/opt/ros/humble/share/rclcpp_lifecycle/cmake)
[0.989s] -- Found Boost: /usr/lib/x86_64-linux-gnu/cmake/Boost-1.74.0/BoostConfig.cmake (found version "1.74.0") found components: filesystem 
[1.057s] -- library: /usr/lib/x86_64-linux-gnu/libcurl.so
[1.083s] -- Found Eigen3: TRUE (found version "3.4.0") 
[1.083s] -- Ensuring Eigen3 include directory is part of orocos-kdl CMake target
[1.191s] -- Found moveit_ros_planning: 2.5.9 (/opt/ros/humble/share/moveit_ros_planning/cmake)
[1.195s] -- Found Boost: /usr/lib/x86_64-linux-gnu/cmake/Boost-1.74.0/BoostConfig.cmake (found version "1.74.0") found components: system filesystem date_time program_options thread chrono 
[1.214s] -- Found controller_interface: 2.53.0 (/opt/ros/humble/share/controller_interface/cmake)
[1.284s] -- Configuring done
[1.308s] -- Generating done
[1.313s] -- Build files have been written to: /ros2_ws/build/my_ur6_control
[1.321s] Invoked command in '/ros2_ws/build/my_ur6_control' returned '0': CMAKE_PREFIX_PATH=/ros2_ws/install/ur_description:/ros2_ws/install/ur_simulation_gazebo:/ros2_ws/install/my_ur6_control:/opt/ros/humble /usr/bin/cmake /ros2_ws/src/my_ur6_control -DCMAKE_INSTALL_PREFIX=/ros2_ws/install/my_ur6_control
[1.321s] Invoking command in '/ros2_ws/build/my_ur6_control': CMAKE_PREFIX_PATH=/ros2_ws/install/ur_description:/ros2_ws/install/ur_simulation_gazebo:/ros2_ws/install/my_ur6_control:/opt/ros/humble /usr/bin/cmake --build /ros2_ws/build/my_ur6_control -- -j12 -l12
[1.356s] [ 25%] [32mBuilding CXX object CMakeFiles/my_ur6_control_force_controller.dir/src/force_controller.cpp.o[0m
[1.357s] [ 50%] [32mBuilding CXX object CMakeFiles/custom_planner_node.dir/src/custom_planner_node.cpp.o[0m
[8.719s] [ 75%] [32m[1mLinking CXX shared library libmy_ur6_control_force_controller.so[0m
[9.138s] [ 75%] Built target my_ur6_control_force_controller
[9.157s] [100%] [32m[1mLinking CXX executable custom_planner_node[0m
[9.738s] [100%] Built target custom_planner_node
[9.745s] Invoked command in '/ros2_ws/build/my_ur6_control' returned '0': CMAKE_PREFIX_PATH=/ros2_ws/install/ur_description:/ros2_ws/install/ur_simulation_gazebo:/ros2_ws/install/my_ur6_control:/opt/ros/humble /usr/bin/cmake --build /ros2_ws/build/my_ur6_control -- -j12 -l12
[9.746s] Invoking command in '/ros2_ws/build/my_ur6_control': CMAKE_PREFIX_PATH=/ros2_ws/install/ur_description:/ros2_ws/install/ur_simulation_gazebo:/ros2_ws/install/my_ur6_control:/opt/ros/humble /usr/bin/cmake --install /ros2_ws/build/my_ur6_control
[9.750s] -- Install configuration: ""
[9.750s] -- Installing: /ros2_ws/install/my_ur6_control/share/my_ur6_control/force_controller_plugin.xml
[9.751s] -- Installing: /ros2_ws/install/my_ur6_control/lib/my_ur6_control/custom_planner_node
[9.754s] -- Set runtime path of "/ros2_ws/install/my_ur6_control/lib/my_ur6_control/custom_planner_node" to ""
[9.755s] -- Installing: /ros2_ws/install/my_ur6_control/lib/my_ur6_control/libmy_ur6_control_force_controller.so
[9.761s] -- Set runtime path of "/ros2_ws/install/my_ur6_control/lib/my_ur6_control/libmy_ur6_control_force_controller.so" to ""
[9.761s] -- Installing: /ros2_ws/install/my_ur6_control/share/my_ur6_control/launch
[9.761s] -- Installing: /ros2_ws/install/my_ur6_control/share/my_ur6_control/launch/fake_my_ur6.launch.py
[9.761s] -- Installing: /ros2_ws/install/my_ur6_control/share/my_ur6_control/config
[9.761s] -- Installing: /ros2_ws/install/my_ur6_control/share/my_ur6_control/config/planner_params.yaml
[9.761s] -- Installing: /ros2_ws/install/my_ur6_control/share/ament_index/resource_index/package_run_dependencies/my_ur6_control
[9.762s] -- Installing: /ros2_ws/install/my_ur6_control/share/ament_index/resource_index/parent_prefix_path/my_ur6_control
[9.762s] -- Installing: /ros2_ws/install/my_ur6_control/share/my_ur6_control/environment/ament_prefix_path.sh
[9.762s] -- Installing: /ros2_ws/install/my_ur6_control/share/my_ur6_control/environment/ament_prefix_path.dsv
[9.762s] -- Installing: /ros2_ws/install/my_ur6_control/share/my_ur6_control/environment/path.sh
[9.762s] -- Installing: /ros2_ws/install/my_ur6_control/share/my_ur6_control/environment/path.dsv
[9.763s] -- Installing: /ros2_ws/install/my_ur6_control/share/my_ur6_control/local_setup.bash
[9.763s] -- Installing: /ros2_ws/install/my_ur6_control/share/my_ur6_control/local_setup.sh
[9.763s] -- Installing: /ros2_ws/install/my_ur6_control/share/my_ur6_control/local_setup.zsh
[9.763s] -- Installing: /ros2_ws/install/my_ur6_control/share/my_ur6_control/local_setup.dsv
[9.763s] -- Installing: /ros2_ws/install/my_ur6_control/share/my_ur6_control/package.dsv
[9.763s] -- Installing: /ros2_ws/install/my_ur6_control/share/ament_index/resource_index/packages/my_ur6_control
[9.763s] -- Installing: /ros2_ws/install/my_ur6_control/share/ament_index/resource_index/controller_interface__pluginlib__plugin/my_ur6_control
[9.763s] -- Installing: /ros2_ws/install/my_ur6_control/share/my_ur6_control/cmake/my_ur6_controlConfig.cmake
[9.763s] -- Installing: /ros2_ws/install/my_ur6_control/share/my_ur6_control/cmake/my_ur6_controlConfig-version.cmake
[9.764s] -- Installing: /ros2_ws/install/my_ur6_control/share/my_ur6_control/package.xml
[9.765s] Invoked command in '/ros2_ws/build/my_ur6_control' returned '0': CMAKE_PREFIX_PATH=/ros2_ws/install/ur_description:/ros2_ws/install/ur_simulation_gazebo:/ros2_ws/install/my_ur6_control:/opt/ros/humble /usr/bin/cmake --install /ros2_ws/build/my_ur6_control
