[0.060s] DEBUG:colcon:Command line arguments: ['/usr/bin/colcon', 'build']
[0.060s] DEBUG:colcon:Parsed command line arguments: Namespace(log_base=None, log_level=None, verb_name='build', build_base='build', install_base='install', merge_install=False, symlink_install=False, test_result_base=None, continue_on_error=False, executor='parallel', parallel_workers=12, event_handlers=None, ignore_user_meta=False, metas=['./colcon.meta'], base_paths=['.'], packages_ignore=None, packages_ignore_regex=None, paths=None, packages_up_to=None, packages_up_to_regex=None, packages_above=None, packages_above_and_dependencies=None, packages_above_depth=None, packages_select_by_dep=None, packages_skip_by_dep=None, packages_skip_up_to=None, packages_select_build_failed=False, packages_skip_build_finished=False, packages_select_test_failures=False, packages_skip_test_passed=False, packages_select=None, packages_skip=None, packages_select_regex=None, packages_skip_regex=None, packages_start=None, packages_end=None, cmake_args=None, cmake_target=None, cmake_target_skip_unavailable=False, cmake_clean_cache=False, cmake_clean_first=False, cmake_force_configure=False, ament_cmake_args=None, catkin_cmake_args=None, catkin_skip_building_tests=False, mixin_files=None, mixin=None, verb_parser=<colcon_mixin.mixin.mixin_argument.MixinArgumentDecorator object at 0x7acfdf4a7d90>, verb_extension=<colcon_core.verb.build.BuildVerb object at 0x7acfdf4a7700>, main=<bound method BuildVerb.main of <colcon_core.verb.build.BuildVerb object at 0x7acfdf4a7700>>, mixin_verb=('build',))
[0.135s] Level 1:colcon.colcon_core.package_discovery:discover_packages(colcon_meta) check parameters
[0.135s] Level 1:colcon.colcon_core.package_discovery:discover_packages(recursive) check parameters
[0.135s] Level 1:colcon.colcon_core.package_discovery:discover_packages(ignore) check parameters
[0.135s] Level 1:colcon.colcon_core.package_discovery:discover_packages(path) check parameters
[0.135s] Level 1:colcon.colcon_core.package_discovery:discover_packages(colcon_meta) discover
[0.135s] Level 1:colcon.colcon_core.package_discovery:discover_packages(recursive) discover
[0.135s] INFO:colcon.colcon_core.package_discovery:Crawling recursively for packages in '/ros2_ws'
[0.135s] Level 1:colcon.colcon_core.package_identification:_identify(.) by extensions ['ignore', 'ignore_ament_install']
[0.135s] Level 1:colcon.colcon_core.package_identification:_identify(.) by extension 'ignore'
[0.135s] Level 1:colcon.colcon_core.package_identification:_identify(.) by extension 'ignore_ament_install'
[0.136s] Level 1:colcon.colcon_core.package_identification:_identify(.) by extensions ['colcon_pkg']
[0.136s] Level 1:colcon.colcon_core.package_identification:_identify(.) by extension 'colcon_pkg'
[0.136s] Level 1:colcon.colcon_core.package_identification:_identify(.) by extensions ['colcon_meta']
[0.136s] Level 1:colcon.colcon_core.package_identification:_identify(.) by extension 'colcon_meta'
[0.136s] Level 1:colcon.colcon_core.package_identification:_identify(.) by extensions ['ros']
[0.136s] Level 1:colcon.colcon_core.package_identification:_identify(.) by extension 'ros'
[0.150s] Level 1:colcon.colcon_core.package_identification:_identify(.) by extensions ['cmake', 'python']
[0.150s] Level 1:colcon.colcon_core.package_identification:_identify(.) by extension 'cmake'
[0.150s] Level 1:colcon.colcon_core.package_identification:_identify(.) by extension 'python'
[0.150s] Level 1:colcon.colcon_core.package_identification:_identify(.) by extensions ['python_setup_py']
[0.150s] Level 1:colcon.colcon_core.package_identification:_identify(.) by extension 'python_setup_py'
[0.150s] Level 1:colcon.colcon_core.package_identification:_identify(build) by extensions ['ignore', 'ignore_ament_install']
[0.150s] Level 1:colcon.colcon_core.package_identification:_identify(build) by extension 'ignore'
[0.150s] Level 1:colcon.colcon_core.package_identification:_identify(build) ignored
[0.150s] Level 1:colcon.colcon_core.package_identification:_identify(install) by extensions ['ignore', 'ignore_ament_install']
[0.151s] Level 1:colcon.colcon_core.package_identification:_identify(install) by extension 'ignore'
[0.151s] Level 1:colcon.colcon_core.package_identification:_identify(install) ignored
[0.151s] Level 1:colcon.colcon_core.package_identification:_identify(log) by extensions ['ignore', 'ignore_ament_install']
[0.151s] Level 1:colcon.colcon_core.package_identification:_identify(log) by extension 'ignore'
[0.151s] Level 1:colcon.colcon_core.package_identification:_identify(log) ignored
[0.151s] Level 1:colcon.colcon_core.package_identification:_identify(scenario2_force_traj) by extensions ['ignore', 'ignore_ament_install']
[0.151s] Level 1:colcon.colcon_core.package_identification:_identify(scenario2_force_traj) by extension 'ignore'
[0.151s] Level 1:colcon.colcon_core.package_identification:_identify(scenario2_force_traj) by extension 'ignore_ament_install'
[0.151s] Level 1:colcon.colcon_core.package_identification:_identify(scenario2_force_traj) by extensions ['colcon_pkg']
[0.151s] Level 1:colcon.colcon_core.package_identification:_identify(scenario2_force_traj) by extension 'colcon_pkg'
[0.151s] Level 1:colcon.colcon_core.package_identification:_identify(scenario2_force_traj) by extensions ['colcon_meta']
[0.151s] Level 1:colcon.colcon_core.package_identification:_identify(scenario2_force_traj) by extension 'colcon_meta'
[0.151s] Level 1:colcon.colcon_core.package_identification:_identify(scenario2_force_traj) by extensions ['ros']
[0.151s] Level 1:colcon.colcon_core.package_identification:_identify(scenario2_force_traj) by extension 'ros'
[0.151s] Level 1:colcon.colcon_core.package_identification:_identify(scenario2_force_traj) by extensions ['cmake', 'python']
[0.151s] Level 1:colcon.colcon_core.package_identification:_identify(scenario2_force_traj) by extension 'cmake'
[0.151s] Level 1:colcon.colcon_core.package_identification:_identify(scenario2_force_traj) by extension 'python'
[0.151s] Level 1:colcon.colcon_core.package_identification:_identify(scenario2_force_traj) by extensions ['python_setup_py']
[0.151s] Level 1:colcon.colcon_core.package_identification:_identify(scenario2_force_traj) by extension 'python_setup_py'
[0.151s] Level 1:colcon.colcon_core.package_identification:_identify(scenario2_validation) by extensions ['ignore', 'ignore_ament_install']
[0.151s] Level 1:colcon.colcon_core.package_identification:_identify(scenario2_validation) by extension 'ignore'
[0.151s] Level 1:colcon.colcon_core.package_identification:_identify(scenario2_validation) by extension 'ignore_ament_install'
[0.151s] Level 1:colcon.colcon_core.package_identification:_identify(scenario2_validation) by extensions ['colcon_pkg']
[0.151s] Level 1:colcon.colcon_core.package_identification:_identify(scenario2_validation) by extension 'colcon_pkg'
[0.151s] Level 1:colcon.colcon_core.package_identification:_identify(scenario2_validation) by extensions ['colcon_meta']
[0.151s] Level 1:colcon.colcon_core.package_identification:_identify(scenario2_validation) by extension 'colcon_meta'
[0.151s] Level 1:colcon.colcon_core.package_identification:_identify(scenario2_validation) by extensions ['ros']
[0.151s] Level 1:colcon.colcon_core.package_identification:_identify(scenario2_validation) by extension 'ros'
[0.151s] Level 1:colcon.colcon_core.package_identification:_identify(scenario2_validation) by extensions ['cmake', 'python']
[0.151s] Level 1:colcon.colcon_core.package_identification:_identify(scenario2_validation) by extension 'cmake'
[0.151s] Level 1:colcon.colcon_core.package_identification:_identify(scenario2_validation) by extension 'python'
[0.151s] Level 1:colcon.colcon_core.package_identification:_identify(scenario2_validation) by extensions ['python_setup_py']
[0.151s] Level 1:colcon.colcon_core.package_identification:_identify(scenario2_validation) by extension 'python_setup_py'
[0.151s] Level 1:colcon.colcon_core.package_identification:_identify(src) by extensions ['ignore', 'ignore_ament_install']
[0.151s] Level 1:colcon.colcon_core.package_identification:_identify(src) by extension 'ignore'
[0.151s] Level 1:colcon.colcon_core.package_identification:_identify(src) by extension 'ignore_ament_install'
[0.151s] Level 1:colcon.colcon_core.package_identification:_identify(src) by extensions ['colcon_pkg']
[0.152s] Level 1:colcon.colcon_core.package_identification:_identify(src) by extension 'colcon_pkg'
[0.152s] Level 1:colcon.colcon_core.package_identification:_identify(src) by extensions ['colcon_meta']
[0.152s] Level 1:colcon.colcon_core.package_identification:_identify(src) by extension 'colcon_meta'
[0.152s] Level 1:colcon.colcon_core.package_identification:_identify(src) by extensions ['ros']
[0.152s] Level 1:colcon.colcon_core.package_identification:_identify(src) by extension 'ros'
[0.152s] Level 1:colcon.colcon_core.package_identification:_identify(src) by extensions ['cmake', 'python']
[0.152s] Level 1:colcon.colcon_core.package_identification:_identify(src) by extension 'cmake'
[0.152s] Level 1:colcon.colcon_core.package_identification:_identify(src) by extension 'python'
[0.152s] Level 1:colcon.colcon_core.package_identification:_identify(src) by extensions ['python_setup_py']
[0.152s] Level 1:colcon.colcon_core.package_identification:_identify(src) by extension 'python_setup_py'
[0.152s] Level 1:colcon.colcon_core.package_identification:_identify(src/Universal_Robots_ROS2_Description) by extensions ['ignore', 'ignore_ament_install']
[0.152s] Level 1:colcon.colcon_core.package_identification:_identify(src/Universal_Robots_ROS2_Description) by extension 'ignore'
[0.152s] Level 1:colcon.colcon_core.package_identification:_identify(src/Universal_Robots_ROS2_Description) by extension 'ignore_ament_install'
[0.152s] Level 1:colcon.colcon_core.package_identification:_identify(src/Universal_Robots_ROS2_Description) by extensions ['colcon_pkg']
[0.152s] Level 1:colcon.colcon_core.package_identification:_identify(src/Universal_Robots_ROS2_Description) by extension 'colcon_pkg'
[0.152s] Level 1:colcon.colcon_core.package_identification:_identify(src/Universal_Robots_ROS2_Description) by extensions ['colcon_meta']
[0.152s] Level 1:colcon.colcon_core.package_identification:_identify(src/Universal_Robots_ROS2_Description) by extension 'colcon_meta'
[0.152s] Level 1:colcon.colcon_core.package_identification:_identify(src/Universal_Robots_ROS2_Description) by extensions ['ros']
[0.152s] Level 1:colcon.colcon_core.package_identification:_identify(src/Universal_Robots_ROS2_Description) by extension 'ros'
[0.154s] DEBUG:colcon.colcon_core.package_identification:Package 'src/Universal_Robots_ROS2_Description' with type 'ros.ament_cmake' and name 'ur_description'
[0.154s] Level 1:colcon.colcon_core.package_identification:_identify(src/Universal_Robots_ROS2_Gazebo_Simulation) by extensions ['ignore', 'ignore_ament_install']
[0.154s] Level 1:colcon.colcon_core.package_identification:_identify(src/Universal_Robots_ROS2_Gazebo_Simulation) by extension 'ignore'
[0.154s] Level 1:colcon.colcon_core.package_identification:_identify(src/Universal_Robots_ROS2_Gazebo_Simulation) by extension 'ignore_ament_install'
[0.154s] Level 1:colcon.colcon_core.package_identification:_identify(src/Universal_Robots_ROS2_Gazebo_Simulation) by extensions ['colcon_pkg']
[0.154s] Level 1:colcon.colcon_core.package_identification:_identify(src/Universal_Robots_ROS2_Gazebo_Simulation) by extension 'colcon_pkg'
[0.154s] Level 1:colcon.colcon_core.package_identification:_identify(src/Universal_Robots_ROS2_Gazebo_Simulation) by extensions ['colcon_meta']
[0.154s] Level 1:colcon.colcon_core.package_identification:_identify(src/Universal_Robots_ROS2_Gazebo_Simulation) by extension 'colcon_meta'
[0.154s] Level 1:colcon.colcon_core.package_identification:_identify(src/Universal_Robots_ROS2_Gazebo_Simulation) by extensions ['ros']
[0.154s] Level 1:colcon.colcon_core.package_identification:_identify(src/Universal_Robots_ROS2_Gazebo_Simulation) by extension 'ros'
[0.154s] Level 1:colcon.colcon_core.package_identification:_identify(src/Universal_Robots_ROS2_Gazebo_Simulation) by extensions ['cmake', 'python']
[0.154s] Level 1:colcon.colcon_core.package_identification:_identify(src/Universal_Robots_ROS2_Gazebo_Simulation) by extension 'cmake'
[0.154s] Level 1:colcon.colcon_core.package_identification:_identify(src/Universal_Robots_ROS2_Gazebo_Simulation) by extension 'python'
[0.154s] Level 1:colcon.colcon_core.package_identification:_identify(src/Universal_Robots_ROS2_Gazebo_Simulation) by extensions ['python_setup_py']
[0.154s] Level 1:colcon.colcon_core.package_identification:_identify(src/Universal_Robots_ROS2_Gazebo_Simulation) by extension 'python_setup_py'
[0.154s] Level 1:colcon.colcon_core.package_identification:_identify(src/Universal_Robots_ROS2_Gazebo_Simulation/ur_simulation_gazebo) by extensions ['ignore', 'ignore_ament_install']
[0.154s] Level 1:colcon.colcon_core.package_identification:_identify(src/Universal_Robots_ROS2_Gazebo_Simulation/ur_simulation_gazebo) by extension 'ignore'
[0.154s] Level 1:colcon.colcon_core.package_identification:_identify(src/Universal_Robots_ROS2_Gazebo_Simulation/ur_simulation_gazebo) by extension 'ignore_ament_install'
[0.154s] Level 1:colcon.colcon_core.package_identification:_identify(src/Universal_Robots_ROS2_Gazebo_Simulation/ur_simulation_gazebo) by extensions ['colcon_pkg']
[0.154s] Level 1:colcon.colcon_core.package_identification:_identify(src/Universal_Robots_ROS2_Gazebo_Simulation/ur_simulation_gazebo) by extension 'colcon_pkg'
[0.154s] Level 1:colcon.colcon_core.package_identification:_identify(src/Universal_Robots_ROS2_Gazebo_Simulation/ur_simulation_gazebo) by extensions ['colcon_meta']
[0.154s] Level 1:colcon.colcon_core.package_identification:_identify(src/Universal_Robots_ROS2_Gazebo_Simulation/ur_simulation_gazebo) by extension 'colcon_meta'
[0.154s] Level 1:colcon.colcon_core.package_identification:_identify(src/Universal_Robots_ROS2_Gazebo_Simulation/ur_simulation_gazebo) by extensions ['ros']
[0.154s] Level 1:colcon.colcon_core.package_identification:_identify(src/Universal_Robots_ROS2_Gazebo_Simulation/ur_simulation_gazebo) by extension 'ros'
[0.155s] DEBUG:colcon.colcon_core.package_identification:Package 'src/Universal_Robots_ROS2_Gazebo_Simulation/ur_simulation_gazebo' with type 'ros.ament_cmake' and name 'ur_simulation_gazebo'
[0.155s] Level 1:colcon.colcon_core.package_identification:_identify(src/my_ur6_control) by extensions ['ignore', 'ignore_ament_install']
[0.155s] Level 1:colcon.colcon_core.package_identification:_identify(src/my_ur6_control) by extension 'ignore'
[0.155s] Level 1:colcon.colcon_core.package_identification:_identify(src/my_ur6_control) by extension 'ignore_ament_install'
[0.155s] Level 1:colcon.colcon_core.package_identification:_identify(src/my_ur6_control) by extensions ['colcon_pkg']
[0.155s] Level 1:colcon.colcon_core.package_identification:_identify(src/my_ur6_control) by extension 'colcon_pkg'
[0.155s] Level 1:colcon.colcon_core.package_identification:_identify(src/my_ur6_control) by extensions ['colcon_meta']
[0.155s] Level 1:colcon.colcon_core.package_identification:_identify(src/my_ur6_control) by extension 'colcon_meta'
[0.155s] Level 1:colcon.colcon_core.package_identification:_identify(src/my_ur6_control) by extensions ['ros']
[0.155s] Level 1:colcon.colcon_core.package_identification:_identify(src/my_ur6_control) by extension 'ros'
[0.156s] DEBUG:colcon.colcon_core.package_identification:Package 'src/my_ur6_control' with type 'ros.ament_cmake' and name 'my_ur6_control'
[0.156s] Level 1:colcon.colcon_core.package_discovery:discover_packages(recursive) using defaults
[0.156s] Level 1:colcon.colcon_core.package_discovery:discover_packages(ignore) discover
[0.156s] Level 1:colcon.colcon_core.package_discovery:discover_packages(ignore) using defaults
[0.156s] Level 1:colcon.colcon_core.package_discovery:discover_packages(path) discover
[0.156s] Level 1:colcon.colcon_core.package_discovery:discover_packages(path) using defaults
[0.168s] Level 5:colcon.colcon_core.verb:set package 'ur_description' build argument 'cmake_args' from command line to 'None'
[0.168s] Level 5:colcon.colcon_core.verb:set package 'ur_description' build argument 'cmake_target' from command line to 'None'
[0.168s] Level 5:colcon.colcon_core.verb:set package 'ur_description' build argument 'cmake_target_skip_unavailable' from command line to 'False'
[0.168s] Level 5:colcon.colcon_core.verb:set package 'ur_description' build argument 'cmake_clean_cache' from command line to 'False'
[0.168s] Level 5:colcon.colcon_core.verb:set package 'ur_description' build argument 'cmake_clean_first' from command line to 'False'
[0.168s] Level 5:colcon.colcon_core.verb:set package 'ur_description' build argument 'cmake_force_configure' from command line to 'False'
[0.168s] Level 5:colcon.colcon_core.verb:set package 'ur_description' build argument 'ament_cmake_args' from command line to 'None'
[0.168s] Level 5:colcon.colcon_core.verb:set package 'ur_description' build argument 'catkin_cmake_args' from command line to 'None'
[0.168s] Level 5:colcon.colcon_core.verb:set package 'ur_description' build argument 'catkin_skip_building_tests' from command line to 'False'
[0.168s] DEBUG:colcon.colcon_core.verb:Building package 'ur_description' with the following arguments: {'ament_cmake_args': None, 'build_base': '/ros2_ws/build/ur_description', 'catkin_cmake_args': None, 'catkin_skip_building_tests': False, 'cmake_args': None, 'cmake_clean_cache': False, 'cmake_clean_first': False, 'cmake_force_configure': False, 'cmake_target': None, 'cmake_target_skip_unavailable': False, 'install_base': '/ros2_ws/install/ur_description', 'merge_install': False, 'path': '/ros2_ws/src/Universal_Robots_ROS2_Description', 'symlink_install': False, 'test_result_base': None}
[0.168s] Level 5:colcon.colcon_core.verb:set package 'my_ur6_control' build argument 'cmake_args' from command line to 'None'
[0.168s] Level 5:colcon.colcon_core.verb:set package 'my_ur6_control' build argument 'cmake_target' from command line to 'None'
[0.168s] Level 5:colcon.colcon_core.verb:set package 'my_ur6_control' build argument 'cmake_target_skip_unavailable' from command line to 'False'
[0.168s] Level 5:colcon.colcon_core.verb:set package 'my_ur6_control' build argument 'cmake_clean_cache' from command line to 'False'
[0.168s] Level 5:colcon.colcon_core.verb:set package 'my_ur6_control' build argument 'cmake_clean_first' from command line to 'False'
[0.168s] Level 5:colcon.colcon_core.verb:set package 'my_ur6_control' build argument 'cmake_force_configure' from command line to 'False'
[0.168s] Level 5:colcon.colcon_core.verb:set package 'my_ur6_control' build argument 'ament_cmake_args' from command line to 'None'
[0.168s] Level 5:colcon.colcon_core.verb:set package 'my_ur6_control' build argument 'catkin_cmake_args' from command line to 'None'
[0.168s] Level 5:colcon.colcon_core.verb:set package 'my_ur6_control' build argument 'catkin_skip_building_tests' from command line to 'False'
[0.168s] DEBUG:colcon.colcon_core.verb:Building package 'my_ur6_control' with the following arguments: {'ament_cmake_args': None, 'build_base': '/ros2_ws/build/my_ur6_control', 'catkin_cmake_args': None, 'catkin_skip_building_tests': False, 'cmake_args': None, 'cmake_clean_cache': False, 'cmake_clean_first': False, 'cmake_force_configure': False, 'cmake_target': None, 'cmake_target_skip_unavailable': False, 'install_base': '/ros2_ws/install/my_ur6_control', 'merge_install': False, 'path': '/ros2_ws/src/my_ur6_control', 'symlink_install': False, 'test_result_base': None}
[0.168s] Level 5:colcon.colcon_core.verb:set package 'ur_simulation_gazebo' build argument 'cmake_args' from command line to 'None'
[0.169s] Level 5:colcon.colcon_core.verb:set package 'ur_simulation_gazebo' build argument 'cmake_target' from command line to 'None'
[0.169s] Level 5:colcon.colcon_core.verb:set package 'ur_simulation_gazebo' build argument 'cmake_target_skip_unavailable' from command line to 'False'
[0.169s] Level 5:colcon.colcon_core.verb:set package 'ur_simulation_gazebo' build argument 'cmake_clean_cache' from command line to 'False'
[0.169s] Level 5:colcon.colcon_core.verb:set package 'ur_simulation_gazebo' build argument 'cmake_clean_first' from command line to 'False'
[0.169s] Level 5:colcon.colcon_core.verb:set package 'ur_simulation_gazebo' build argument 'cmake_force_configure' from command line to 'False'
[0.169s] Level 5:colcon.colcon_core.verb:set package 'ur_simulation_gazebo' build argument 'ament_cmake_args' from command line to 'None'
[0.169s] Level 5:colcon.colcon_core.verb:set package 'ur_simulation_gazebo' build argument 'catkin_cmake_args' from command line to 'None'
[0.169s] Level 5:colcon.colcon_core.verb:set package 'ur_simulation_gazebo' build argument 'catkin_skip_building_tests' from command line to 'False'
[0.169s] DEBUG:colcon.colcon_core.verb:Building package 'ur_simulation_gazebo' with the following arguments: {'ament_cmake_args': None, 'build_base': '/ros2_ws/build/ur_simulation_gazebo', 'catkin_cmake_args': None, 'catkin_skip_building_tests': False, 'cmake_args': None, 'cmake_clean_cache': False, 'cmake_clean_first': False, 'cmake_force_configure': False, 'cmake_target': None, 'cmake_target_skip_unavailable': False, 'install_base': '/ros2_ws/install/ur_simulation_gazebo', 'merge_install': False, 'path': '/ros2_ws/src/Universal_Robots_ROS2_Gazebo_Simulation/ur_simulation_gazebo', 'symlink_install': False, 'test_result_base': None}
[0.169s] INFO:colcon.colcon_core.executor:Executing jobs using 'parallel' executor
[0.170s] DEBUG:colcon.colcon_parallel_executor.executor.parallel:run_until_complete
[0.170s] INFO:colcon.colcon_ros.task.ament_cmake.build:Building ROS package in '/ros2_ws/src/Universal_Robots_ROS2_Description' with build type 'ament_cmake'
[0.170s] INFO:colcon.colcon_cmake.task.cmake.build:Building CMake package in '/ros2_ws/src/Universal_Robots_ROS2_Description'
[0.172s] INFO:colcon.colcon_core.plugin_system:Skipping extension 'colcon_core.shell.bat': Not used on non-Windows systems
[0.172s] INFO:colcon.colcon_core.shell:Skip shell extension 'powershell' for command environment: Not usable outside of PowerShell
[0.172s] DEBUG:colcon.colcon_core.shell:Skip shell extension 'dsv' for command environment
[0.186s] DEBUG:colcon.colcon_core.event_handler.log_command:Invoking command in '/ros2_ws/build/ur_description': CMAKE_PREFIX_PATH=${CMAKE_PREFIX_PATH}:/opt/ros/humble /usr/bin/cmake --build /ros2_ws/build/ur_description -- -j12 -l12
[0.220s] DEBUG:colcon.colcon_core.event_handler.log_command:Invoked command in '/ros2_ws/build/ur_description' returned '0': CMAKE_PREFIX_PATH=${CMAKE_PREFIX_PATH}:/opt/ros/humble /usr/bin/cmake --build /ros2_ws/build/ur_description -- -j12 -l12
[0.228s] DEBUG:colcon.colcon_core.event_handler.log_command:Invoking command in '/ros2_ws/build/ur_description': CMAKE_PREFIX_PATH=${CMAKE_PREFIX_PATH}:/opt/ros/humble /usr/bin/cmake --install /ros2_ws/build/ur_description
[0.247s] Level 1:colcon.colcon_core.environment:create_environment_scripts_only(ur_description)
[0.264s] DEBUG:colcon.colcon_core.event_handler.log_command:Invoked command in '/ros2_ws/build/ur_description' returned '0': CMAKE_PREFIX_PATH=${CMAKE_PREFIX_PATH}:/opt/ros/humble /usr/bin/cmake --install /ros2_ws/build/ur_description
[0.265s] Level 1:colcon.colcon_core.environment:checking '/ros2_ws/install/ur_description' for CMake module files
[0.265s] Level 1:colcon.colcon_core.environment:checking '/ros2_ws/install/ur_description' for CMake config files
[0.266s] Level 1:colcon.colcon_core.shell:create_environment_hook('ur_description', 'cmake_prefix_path')
[0.266s] INFO:colcon.colcon_core.shell:Creating environment hook '/ros2_ws/install/ur_description/share/ur_description/hook/cmake_prefix_path.ps1'
[0.267s] INFO:colcon.colcon_core.shell:Creating environment descriptor '/ros2_ws/install/ur_description/share/ur_description/hook/cmake_prefix_path.dsv'
[0.267s] INFO:colcon.colcon_core.shell:Creating environment hook '/ros2_ws/install/ur_description/share/ur_description/hook/cmake_prefix_path.sh'
[0.267s] Level 1:colcon.colcon_core.environment:checking '/ros2_ws/install/ur_description/bin'
[0.267s] Level 1:colcon.colcon_core.environment:checking '/ros2_ws/install/ur_description/lib/pkgconfig/ur_description.pc'
[0.269s] Level 1:colcon.colcon_core.environment:checking '/ros2_ws/install/ur_description/lib/python3.10/site-packages'
[0.269s] Level 1:colcon.colcon_core.environment:checking '/ros2_ws/install/ur_description/bin'
[0.269s] INFO:colcon.colcon_core.shell:Creating package script '/ros2_ws/install/ur_description/share/ur_description/package.ps1'
[0.270s] INFO:colcon.colcon_core.shell:Creating package descriptor '/ros2_ws/install/ur_description/share/ur_description/package.dsv'
[0.270s] INFO:colcon.colcon_core.shell:Creating package script '/ros2_ws/install/ur_description/share/ur_description/package.sh'
[0.271s] INFO:colcon.colcon_core.shell:Creating package script '/ros2_ws/install/ur_description/share/ur_description/package.bash'
[0.271s] INFO:colcon.colcon_core.shell:Creating package script '/ros2_ws/install/ur_description/share/ur_description/package.zsh'
[0.271s] Level 1:colcon.colcon_core.environment:create_file_with_runtime_dependencies(/ros2_ws/install/ur_description/share/colcon-core/packages/ur_description)
[0.272s] Level 1:colcon.colcon_core.environment:create_environment_scripts_only(ur_description)
[0.272s] Level 1:colcon.colcon_core.environment:checking '/ros2_ws/install/ur_description' for CMake module files
[0.272s] Level 1:colcon.colcon_core.environment:checking '/ros2_ws/install/ur_description' for CMake config files
[0.273s] Level 1:colcon.colcon_core.shell:create_environment_hook('ur_description', 'cmake_prefix_path')
[0.273s] INFO:colcon.colcon_core.shell:Creating environment hook '/ros2_ws/install/ur_description/share/ur_description/hook/cmake_prefix_path.ps1'
[0.273s] INFO:colcon.colcon_core.shell:Creating environment descriptor '/ros2_ws/install/ur_description/share/ur_description/hook/cmake_prefix_path.dsv'
[0.273s] INFO:colcon.colcon_core.shell:Creating environment hook '/ros2_ws/install/ur_description/share/ur_description/hook/cmake_prefix_path.sh'
[0.274s] Level 1:colcon.colcon_core.environment:checking '/ros2_ws/install/ur_description/bin'
[0.274s] Level 1:colcon.colcon_core.environment:checking '/ros2_ws/install/ur_description/lib/pkgconfig/ur_description.pc'
[0.274s] Level 1:colcon.colcon_core.environment:checking '/ros2_ws/install/ur_description/lib/python3.10/site-packages'
[0.274s] Level 1:colcon.colcon_core.environment:checking '/ros2_ws/install/ur_description/bin'
[0.274s] INFO:colcon.colcon_core.shell:Creating package script '/ros2_ws/install/ur_description/share/ur_description/package.ps1'
[0.274s] INFO:colcon.colcon_core.shell:Creating package descriptor '/ros2_ws/install/ur_description/share/ur_description/package.dsv'
[0.275s] INFO:colcon.colcon_core.shell:Creating package script '/ros2_ws/install/ur_description/share/ur_description/package.sh'
[0.285s] INFO:colcon.colcon_core.shell:Creating package script '/ros2_ws/install/ur_description/share/ur_description/package.bash'
[0.286s] INFO:colcon.colcon_core.shell:Creating package script '/ros2_ws/install/ur_description/share/ur_description/package.zsh'
[0.286s] Level 1:colcon.colcon_core.environment:create_file_with_runtime_dependencies(/ros2_ws/install/ur_description/share/colcon-core/packages/ur_description)
[0.286s] INFO:colcon.colcon_ros.task.ament_cmake.build:Building ROS package in '/ros2_ws/src/my_ur6_control' with build type 'ament_cmake'
[0.286s] INFO:colcon.colcon_cmake.task.cmake.build:Building CMake package in '/ros2_ws/src/my_ur6_control'
[0.287s] INFO:colcon.colcon_core.shell:Skip shell extension 'powershell' for command environment: Not usable outside of PowerShell
[0.287s] DEBUG:colcon.colcon_core.shell:Skip shell extension 'dsv' for command environment
[0.291s] INFO:colcon.colcon_ros.task.ament_cmake.build:Building ROS package in '/ros2_ws/src/Universal_Robots_ROS2_Gazebo_Simulation/ur_simulation_gazebo' with build type 'ament_cmake'
[0.291s] INFO:colcon.colcon_cmake.task.cmake.build:Building CMake package in '/ros2_ws/src/Universal_Robots_ROS2_Gazebo_Simulation/ur_simulation_gazebo'
[0.291s] INFO:colcon.colcon_core.shell:Skip shell extension 'powershell' for command environment: Not usable outside of PowerShell
[0.292s] DEBUG:colcon.colcon_core.shell:Skip shell extension 'dsv' for command environment
[0.304s] DEBUG:colcon.colcon_core.event_handler.log_command:Invoking command in '/ros2_ws/build/my_ur6_control': CMAKE_PREFIX_PATH=/ros2_ws/install/ur_description:/ros2_ws/install/ur_simulation_gazebo:/ros2_ws/install/my_ur6_control:/opt/ros/humble /usr/bin/cmake --build /ros2_ws/build/my_ur6_control -- -j12 -l12
[0.309s] DEBUG:colcon.colcon_core.event_handler.log_command:Invoking command in '/ros2_ws/build/ur_simulation_gazebo': CMAKE_PREFIX_PATH=/ros2_ws/install/ur_description:/ros2_ws/install/ur_simulation_gazebo:/ros2_ws/install/my_ur6_control:/opt/ros/humble /usr/bin/cmake --build /ros2_ws/build/ur_simulation_gazebo -- -j12 -l12
[0.340s] DEBUG:colcon.colcon_core.event_handler.log_command:Invoked command in '/ros2_ws/build/ur_simulation_gazebo' returned '0': CMAKE_PREFIX_PATH=/ros2_ws/install/ur_description:/ros2_ws/install/ur_simulation_gazebo:/ros2_ws/install/my_ur6_control:/opt/ros/humble /usr/bin/cmake --build /ros2_ws/build/ur_simulation_gazebo -- -j12 -l12
[0.342s] DEBUG:colcon.colcon_core.event_handler.log_command:Invoking command in '/ros2_ws/build/ur_simulation_gazebo': CMAKE_PREFIX_PATH=/ros2_ws/install/ur_description:/ros2_ws/install/ur_simulation_gazebo:/ros2_ws/install/my_ur6_control:/opt/ros/humble /usr/bin/cmake --install /ros2_ws/build/ur_simulation_gazebo
[0.349s] Level 1:colcon.colcon_core.environment:create_environment_scripts_only(ur_simulation_gazebo)
[0.349s] Level 1:colcon.colcon_core.environment:checking '/ros2_ws/install/ur_simulation_gazebo' for CMake module files
[0.352s] DEBUG:colcon.colcon_core.event_handler.log_command:Invoked command in '/ros2_ws/build/ur_simulation_gazebo' returned '0': CMAKE_PREFIX_PATH=/ros2_ws/install/ur_description:/ros2_ws/install/ur_simulation_gazebo:/ros2_ws/install/my_ur6_control:/opt/ros/humble /usr/bin/cmake --install /ros2_ws/build/ur_simulation_gazebo
[0.352s] Level 1:colcon.colcon_core.environment:checking '/ros2_ws/install/ur_simulation_gazebo' for CMake config files
[0.353s] Level 1:colcon.colcon_core.shell:create_environment_hook('ur_simulation_gazebo', 'cmake_prefix_path')
[0.353s] INFO:colcon.colcon_core.shell:Creating environment hook '/ros2_ws/install/ur_simulation_gazebo/share/ur_simulation_gazebo/hook/cmake_prefix_path.ps1'
[0.353s] INFO:colcon.colcon_core.shell:Creating environment descriptor '/ros2_ws/install/ur_simulation_gazebo/share/ur_simulation_gazebo/hook/cmake_prefix_path.dsv'
[0.353s] INFO:colcon.colcon_core.shell:Creating environment hook '/ros2_ws/install/ur_simulation_gazebo/share/ur_simulation_gazebo/hook/cmake_prefix_path.sh'
[0.354s] Level 1:colcon.colcon_core.environment:checking '/ros2_ws/install/ur_simulation_gazebo/bin'
[0.354s] Level 1:colcon.colcon_core.environment:checking '/ros2_ws/install/ur_simulation_gazebo/lib/pkgconfig/ur_simulation_gazebo.pc'
[0.354s] Level 1:colcon.colcon_core.environment:checking '/ros2_ws/install/ur_simulation_gazebo/lib/python3.10/site-packages'
[0.354s] Level 1:colcon.colcon_core.environment:checking '/ros2_ws/install/ur_simulation_gazebo/bin'
[0.354s] INFO:colcon.colcon_core.shell:Creating package script '/ros2_ws/install/ur_simulation_gazebo/share/ur_simulation_gazebo/package.ps1'
[0.355s] INFO:colcon.colcon_core.shell:Creating package descriptor '/ros2_ws/install/ur_simulation_gazebo/share/ur_simulation_gazebo/package.dsv'
[0.355s] INFO:colcon.colcon_core.shell:Creating package script '/ros2_ws/install/ur_simulation_gazebo/share/ur_simulation_gazebo/package.sh'
[0.355s] INFO:colcon.colcon_core.shell:Creating package script '/ros2_ws/install/ur_simulation_gazebo/share/ur_simulation_gazebo/package.bash'
[0.356s] INFO:colcon.colcon_core.shell:Creating package script '/ros2_ws/install/ur_simulation_gazebo/share/ur_simulation_gazebo/package.zsh'
[0.356s] Level 1:colcon.colcon_core.environment:create_file_with_runtime_dependencies(/ros2_ws/install/ur_simulation_gazebo/share/colcon-core/packages/ur_simulation_gazebo)
[0.356s] Level 1:colcon.colcon_core.environment:create_environment_scripts_only(ur_simulation_gazebo)
[0.357s] Level 1:colcon.colcon_core.environment:checking '/ros2_ws/install/ur_simulation_gazebo' for CMake module files
[0.357s] Level 1:colcon.colcon_core.environment:checking '/ros2_ws/install/ur_simulation_gazebo' for CMake config files
[0.357s] Level 1:colcon.colcon_core.shell:create_environment_hook('ur_simulation_gazebo', 'cmake_prefix_path')
[0.357s] INFO:colcon.colcon_core.shell:Creating environment hook '/ros2_ws/install/ur_simulation_gazebo/share/ur_simulation_gazebo/hook/cmake_prefix_path.ps1'
[0.358s] INFO:colcon.colcon_core.shell:Creating environment descriptor '/ros2_ws/install/ur_simulation_gazebo/share/ur_simulation_gazebo/hook/cmake_prefix_path.dsv'
[0.358s] INFO:colcon.colcon_core.shell:Creating environment hook '/ros2_ws/install/ur_simulation_gazebo/share/ur_simulation_gazebo/hook/cmake_prefix_path.sh'
[0.358s] Level 1:colcon.colcon_core.environment:checking '/ros2_ws/install/ur_simulation_gazebo/bin'
[0.358s] Level 1:colcon.colcon_core.environment:checking '/ros2_ws/install/ur_simulation_gazebo/lib/pkgconfig/ur_simulation_gazebo.pc'
[0.358s] Level 1:colcon.colcon_core.environment:checking '/ros2_ws/install/ur_simulation_gazebo/lib/python3.10/site-packages'
[0.359s] Level 1:colcon.colcon_core.environment:checking '/ros2_ws/install/ur_simulation_gazebo/bin'
[0.359s] INFO:colcon.colcon_core.shell:Creating package script '/ros2_ws/install/ur_simulation_gazebo/share/ur_simulation_gazebo/package.ps1'
[0.359s] INFO:colcon.colcon_core.shell:Creating package descriptor '/ros2_ws/install/ur_simulation_gazebo/share/ur_simulation_gazebo/package.dsv'
[0.360s] INFO:colcon.colcon_core.shell:Creating package script '/ros2_ws/install/ur_simulation_gazebo/share/ur_simulation_gazebo/package.sh'
[0.360s] INFO:colcon.colcon_core.shell:Creating package script '/ros2_ws/install/ur_simulation_gazebo/share/ur_simulation_gazebo/package.bash'
[0.361s] INFO:colcon.colcon_core.shell:Creating package script '/ros2_ws/install/ur_simulation_gazebo/share/ur_simulation_gazebo/package.zsh'
[0.361s] Level 1:colcon.colcon_core.environment:create_file_with_runtime_dependencies(/ros2_ws/install/ur_simulation_gazebo/share/colcon-core/packages/ur_simulation_gazebo)
[8.777s] DEBUG:colcon.colcon_core.event_handler.log_command:Invoked command in '/ros2_ws/build/my_ur6_control' returned '0': CMAKE_PREFIX_PATH=/ros2_ws/install/ur_description:/ros2_ws/install/ur_simulation_gazebo:/ros2_ws/install/my_ur6_control:/opt/ros/humble /usr/bin/cmake --build /ros2_ws/build/my_ur6_control -- -j12 -l12
[8.780s] DEBUG:colcon.colcon_core.event_handler.log_command:Invoking command in '/ros2_ws/build/my_ur6_control': CMAKE_PREFIX_PATH=/ros2_ws/install/ur_description:/ros2_ws/install/ur_simulation_gazebo:/ros2_ws/install/my_ur6_control:/opt/ros/humble /usr/bin/cmake --install /ros2_ws/build/my_ur6_control
[8.794s] Level 1:colcon.colcon_core.environment:create_environment_scripts_only(my_ur6_control)
[8.794s] Level 1:colcon.colcon_core.environment:checking '/ros2_ws/install/my_ur6_control' for CMake module files
[8.794s] DEBUG:colcon.colcon_core.event_handler.log_command:Invoked command in '/ros2_ws/build/my_ur6_control' returned '0': CMAKE_PREFIX_PATH=/ros2_ws/install/ur_description:/ros2_ws/install/ur_simulation_gazebo:/ros2_ws/install/my_ur6_control:/opt/ros/humble /usr/bin/cmake --install /ros2_ws/build/my_ur6_control
[8.795s] Level 1:colcon.colcon_core.environment:checking '/ros2_ws/install/my_ur6_control' for CMake config files
[8.795s] Level 1:colcon.colcon_core.shell:create_environment_hook('my_ur6_control', 'cmake_prefix_path')
[8.796s] INFO:colcon.colcon_core.shell:Creating environment hook '/ros2_ws/install/my_ur6_control/share/my_ur6_control/hook/cmake_prefix_path.ps1'
[8.796s] INFO:colcon.colcon_core.shell:Creating environment descriptor '/ros2_ws/install/my_ur6_control/share/my_ur6_control/hook/cmake_prefix_path.dsv'
[8.796s] INFO:colcon.colcon_core.shell:Creating environment hook '/ros2_ws/install/my_ur6_control/share/my_ur6_control/hook/cmake_prefix_path.sh'
[8.797s] Level 1:colcon.colcon_core.environment:checking '/ros2_ws/install/my_ur6_control/lib'
[8.797s] Level 1:colcon.colcon_core.environment:checking '/ros2_ws/install/my_ur6_control/bin'
[8.797s] Level 1:colcon.colcon_core.environment:checking '/ros2_ws/install/my_ur6_control/lib/pkgconfig/my_ur6_control.pc'
[8.797s] Level 1:colcon.colcon_core.environment:checking '/ros2_ws/install/my_ur6_control/lib/python3.10/site-packages'
[8.797s] Level 1:colcon.colcon_core.environment:checking '/ros2_ws/install/my_ur6_control/bin'
[8.797s] INFO:colcon.colcon_core.shell:Creating package script '/ros2_ws/install/my_ur6_control/share/my_ur6_control/package.ps1'
[8.798s] INFO:colcon.colcon_core.shell:Creating package descriptor '/ros2_ws/install/my_ur6_control/share/my_ur6_control/package.dsv'
[8.798s] INFO:colcon.colcon_core.shell:Creating package script '/ros2_ws/install/my_ur6_control/share/my_ur6_control/package.sh'
[8.798s] INFO:colcon.colcon_core.shell:Creating package script '/ros2_ws/install/my_ur6_control/share/my_ur6_control/package.bash'
[8.798s] INFO:colcon.colcon_core.shell:Creating package script '/ros2_ws/install/my_ur6_control/share/my_ur6_control/package.zsh'
[8.799s] Level 1:colcon.colcon_core.environment:create_file_with_runtime_dependencies(/ros2_ws/install/my_ur6_control/share/colcon-core/packages/my_ur6_control)
[8.799s] Level 1:colcon.colcon_core.environment:create_environment_scripts_only(my_ur6_control)
[8.799s] Level 1:colcon.colcon_core.environment:checking '/ros2_ws/install/my_ur6_control' for CMake module files
[8.799s] Level 1:colcon.colcon_core.environment:checking '/ros2_ws/install/my_ur6_control' for CMake config files
[8.800s] Level 1:colcon.colcon_core.shell:create_environment_hook('my_ur6_control', 'cmake_prefix_path')
[8.800s] INFO:colcon.colcon_core.shell:Creating environment hook '/ros2_ws/install/my_ur6_control/share/my_ur6_control/hook/cmake_prefix_path.ps1'
[8.800s] INFO:colcon.colcon_core.shell:Creating environment descriptor '/ros2_ws/install/my_ur6_control/share/my_ur6_control/hook/cmake_prefix_path.dsv'
[8.800s] INFO:colcon.colcon_core.shell:Creating environment hook '/ros2_ws/install/my_ur6_control/share/my_ur6_control/hook/cmake_prefix_path.sh'
[8.801s] Level 1:colcon.colcon_core.environment:checking '/ros2_ws/install/my_ur6_control/lib'
[8.801s] Level 1:colcon.colcon_core.environment:checking '/ros2_ws/install/my_ur6_control/bin'
[8.801s] Level 1:colcon.colcon_core.environment:checking '/ros2_ws/install/my_ur6_control/lib/pkgconfig/my_ur6_control.pc'
[8.801s] Level 1:colcon.colcon_core.environment:checking '/ros2_ws/install/my_ur6_control/lib/python3.10/site-packages'
[8.801s] Level 1:colcon.colcon_core.environment:checking '/ros2_ws/install/my_ur6_control/bin'
[8.801s] INFO:colcon.colcon_core.shell:Creating package script '/ros2_ws/install/my_ur6_control/share/my_ur6_control/package.ps1'
[8.802s] INFO:colcon.colcon_core.shell:Creating package descriptor '/ros2_ws/install/my_ur6_control/share/my_ur6_control/package.dsv'
[8.802s] INFO:colcon.colcon_core.shell:Creating package script '/ros2_ws/install/my_ur6_control/share/my_ur6_control/package.sh'
[8.802s] INFO:colcon.colcon_core.shell:Creating package script '/ros2_ws/install/my_ur6_control/share/my_ur6_control/package.bash'
[8.802s] INFO:colcon.colcon_core.shell:Creating package script '/ros2_ws/install/my_ur6_control/share/my_ur6_control/package.zsh'
[8.803s] Level 1:colcon.colcon_core.environment:create_file_with_runtime_dependencies(/ros2_ws/install/my_ur6_control/share/colcon-core/packages/my_ur6_control)
[8.803s] DEBUG:colcon.colcon_parallel_executor.executor.parallel:closing loop
[8.803s] DEBUG:colcon.colcon_parallel_executor.executor.parallel:loop closed
[8.803s] DEBUG:colcon.colcon_parallel_executor.executor.parallel:run_until_complete finished with '0'
[8.803s] DEBUG:colcon.colcon_core.event_reactor:joining thread
[8.807s] INFO:colcon.colcon_core.plugin_system:Skipping extension 'colcon_notification.desktop_notification.notify_send': Could not find 'notify-send'
[8.807s] INFO:colcon.colcon_core.plugin_system:Skipping extension 'colcon_notification.desktop_notification.terminal_notifier': Not used on non-Darwin systems
[8.807s] INFO:colcon.colcon_core.plugin_system:Skipping extension 'colcon_notification.desktop_notification.win32': Not used on non-Windows systems
[8.807s] INFO:colcon.colcon_notification.desktop_notification:Sending desktop notification using 'notify2'
[8.809s] DEBUG:colcon.colcon_notification.desktop_notification.notify2:Failed to initialize notify2: org.freedesktop.DBus.Error.Spawn.ExecFailed: /usr/bin/dbus-launch terminated abnormally without any error message
[8.810s] DEBUG:colcon.colcon_core.event_reactor:joined thread
[8.810s] INFO:colcon.colcon_core.shell:Creating prefix script '/ros2_ws/install/local_setup.ps1'
[8.812s] INFO:colcon.colcon_core.shell:Creating prefix util module '/ros2_ws/install/_local_setup_util_ps1.py'
[8.814s] INFO:colcon.colcon_core.shell:Creating prefix chain script '/ros2_ws/install/setup.ps1'
[8.816s] INFO:colcon.colcon_core.shell:Creating prefix script '/ros2_ws/install/local_setup.sh'
[8.817s] INFO:colcon.colcon_core.shell:Creating prefix util module '/ros2_ws/install/_local_setup_util_sh.py'
[8.817s] INFO:colcon.colcon_core.shell:Creating prefix chain script '/ros2_ws/install/setup.sh'
[8.818s] INFO:colcon.colcon_core.shell:Creating prefix script '/ros2_ws/install/local_setup.bash'
[8.819s] INFO:colcon.colcon_core.shell:Creating prefix chain script '/ros2_ws/install/setup.bash'
[8.820s] INFO:colcon.colcon_core.shell:Creating prefix script '/ros2_ws/install/local_setup.zsh'
[8.820s] INFO:colcon.colcon_core.shell:Creating prefix chain script '/ros2_ws/install/setup.zsh'
