[0.020s] Invoking command in '/ros2_ws/build/my_ur5_control': /usr/bin/cmake /ros2_ws/UR6_custom_planner_force_controller_ros2/src/my_ur5_control -DCMAKE_INSTALL_PREFIX=/ros2_ws/install/my_ur5_control
[0.070s] -- The C compiler identification is GNU 11.4.0
[0.112s] -- The CXX compiler identification is GNU 11.4.0
[0.118s] -- Detecting C compiler ABI info
[0.171s] -- Detecting C compiler ABI info - done
[0.176s] -- Check for working C compiler: /usr/bin/cc - skipped
[0.176s] -- Detecting C compile features
[0.176s] -- Detecting C compile features - done
[0.179s] -- Detecting CXX compiler ABI info
[0.237s] -- Detecting CXX compiler ABI info - done
[0.242s] -- Check for working CXX compiler: /usr/bin/c++ - skipped
[0.242s] -- Detecting CXX compile features
[0.242s] -- Detecting CXX compile features - done
[0.246s] -- Found ament_cmake: 1.3.12 (/opt/ros/humble/share/ament_cmake/cmake)
[0.354s] -- Found Python3: /usr/bin/python3 (found version "3.10.12") found components: Interpreter 
[0.451s] -- Found rclcpp: 16.0.17 (/opt/ros/humble/share/rclcpp/cmake)
[0.507s] -- Found rosidl_generator_c: 3.1.8 (/opt/ros/humble/share/rosidl_generator_c/cmake)
[0.513s] -- Found rosidl_adapter: 3.1.8 (/opt/ros/humble/share/rosidl_adapter/cmake)
[0.525s] -- Found rosidl_generator_cpp: 3.1.8 (/opt/ros/humble/share/rosidl_generator_cpp/cmake)
[0.535s] -- Using all available rosidl_typesupport_c: rosidl_typesupport_fastrtps_c;rosidl_typesupport_introspection_c
[0.551s] -- Using all available rosidl_typesupport_cpp: rosidl_typesupport_fastrtps_cpp;rosidl_typesupport_introspection_cpp
[0.598s] -- Found rmw_implementation_cmake: 6.1.2 (/opt/ros/humble/share/rmw_implementation_cmake/cmake)
[0.602s] -- Found rmw_fastrtps_cpp: 6.2.9 (/opt/ros/humble/share/rmw_fastrtps_cpp/cmake)
[0.688s] -- Found OpenSSL: /usr/lib/x86_64-linux-gnu/libcrypto.so (found version "3.0.2")  
[0.713s] -- Found FastRTPS: /opt/ros/humble/include  
[0.750s] -- Using RMW implementation 'rmw_fastrtps_cpp' as default
[0.762s] -- Looking for pthread.h
[0.818s] -- Looking for pthread.h - found
[0.818s] -- Performing Test CMAKE_HAVE_LIBC_PTHREAD
[0.871s] -- Performing Test CMAKE_HAVE_LIBC_PTHREAD - Success
[0.872s] -- Found Threads: TRUE  
[0.922s] -- Found geometry_msgs: 4.9.0 (/opt/ros/humble/share/geometry_msgs/cmake)
[0.934s] -- Found trajectory_msgs: 4.9.0 (/opt/ros/humble/share/trajectory_msgs/cmake)
[0.948s] -- Found sensor_msgs: 4.9.0 (/opt/ros/humble/share/sensor_msgs/cmake)
[0.963s] -- Found moveit_msgs: 2.2.1 (/opt/ros/humble/share/moveit_msgs/cmake)
[1.074s] -- Found moveit_core: 2.5.9 (/opt/ros/humble/share/moveit_core/cmake)
[1.098s] -- Found Boost: /usr/lib/x86_64-linux-gnu/cmake/Boost-1.74.0/BoostConfig.cmake (found version "1.74.0") found components: chrono date_time filesystem iostreams program_options regex serialization system thread 
[1.144s] -- Found parameter_traits: 0.6.0 (/opt/ros/humble/share/parameter_traits/cmake)
[1.162s] -- Found rclcpp_lifecycle: 16.0.17 (/opt/ros/humble/share/rclcpp_lifecycle/cmake)
[1.186s] -- Found Boost: /usr/lib/x86_64-linux-gnu/cmake/Boost-1.74.0/BoostConfig.cmake (found version "1.74.0") found components: filesystem 
[1.273s] -- library: /usr/lib/x86_64-linux-gnu/libcurl.so
[1.302s] -- Found Eigen3: TRUE (found version "3.4.0") 
[1.302s] -- Ensuring Eigen3 include directory is part of orocos-kdl CMake target
[1.430s] -- Found moveit_ros_planning: 2.5.9 (/opt/ros/humble/share/moveit_ros_planning/cmake)
[1.434s] -- Found Boost: /usr/lib/x86_64-linux-gnu/cmake/Boost-1.74.0/BoostConfig.cmake (found version "1.74.0") found components: system filesystem date_time program_options thread chrono 
[1.456s] -- Found controller_interface: 2.53.0 (/opt/ros/humble/share/controller_interface/cmake)
[1.537s] Error parsing '/ros2_ws/UR6_custom_planner_force_controller_ros2/src/my_ur5_control/package.xml':
[1.537s] Traceback (most recent call last):
[1.537s]   File "/opt/ros/humble/share/ament_cmake_core/cmake/core/package_xml_2_cmake.py", line 150, in <module>
[1.537s]     main()
[1.537s]   File "/opt/ros/humble/share/ament_cmake_core/cmake/core/package_xml_2_cmake.py", line 53, in main
[1.537s]     raise e
[1.537s]   File "/opt/ros/humble/share/ament_cmake_core/cmake/core/package_xml_2_cmake.py", line 49, in main
[1.537s]     package = parse_package_string(
[1.537s]   File "/usr/lib/python3/dist-packages/catkin_pkg/package.py", line 786, in parse_package_string
[1.538s]     raise InvalidPackage('Error(s):%s' % (''.join(['\n- %s' % e for e in errors])), filename)
[1.538s] catkin_pkg.package.InvalidPackage: Error(s) in package '/ros2_ws/UR6_custom_planner_force_controller_ros2/src/my_ur5_control/package.xml':
[1.538s] Error(s):
[1.538s] - The manifest of package "my_ur5_control" (with format version 3) must not contain the following tags: build_type
[1.544s] [31mCMake Error at /opt/ros/humble/share/ament_cmake_core/cmake/core/ament_package_xml.cmake:95 (message):
[1.544s]   execute_process(/usr/bin/python3
[1.545s]   /opt/ros/humble/share/ament_cmake_core/cmake/core/package_xml_2_cmake.py
[1.545s]   /ros2_ws/UR6_custom_planner_force_controller_ros2/src/my_ur5_control/package.xml
[1.545s]   /ros2_ws/build/my_ur5_control/ament_cmake_core/package.cmake) returned
[1.545s]   error code 1
[1.545s] Call Stack (most recent call first):
[1.545s]   /opt/ros/humble/share/ament_cmake_core/cmake/core/ament_package_xml.cmake:49 (_ament_package_xml)
[1.545s]   /opt/ros/humble/share/ament_cmake_core/cmake/core/ament_package.cmake:63 (ament_package_xml)
[1.545s]   CMakeLists.txt:82 (ament_package)
[1.545s] 
[1.545s] [0m
[1.545s] -- Configuring incomplete, errors occurred!
[1.545s] See also "/ros2_ws/build/my_ur5_control/CMakeFiles/CMakeOutput.log".
[1.553s] Invoked command in '/ros2_ws/build/my_ur5_control' returned '1': /usr/bin/cmake /ros2_ws/UR6_custom_planner_force_controller_ros2/src/my_ur5_control -DCMAKE_INSTALL_PREFIX=/ros2_ws/install/my_ur5_control
